[2020-07-14 10:05:24,725] multiqc                                            [DEBUG  ]  No MultiQC config found: /cluster/home/mtinti/miniconda3/envs/ritSeq/lib/python3.7/site-packages/multiqc_config.yaml
[2020-07-14 10:05:24,726] multiqc                                            [DEBUG  ]  No MultiQC config found: /homes/mtinti/.multiqc_config.yaml
[2020-07-14 10:05:24,731] multiqc                                            [DEBUG  ]  Loading config settings from: multiqc_config.yaml
[2020-07-14 10:05:24,731] multiqc                                            [DEBUG  ]  New config 'title': UTR RNA-seq
[2020-07-14 10:05:24,731] multiqc                                            [DEBUG  ]  Added to filename clean extensions: ['_1.fastq.gz', '_sorted.bam']
[2020-07-14 10:05:24,732] multiqc                                            [DEBUG  ]  New config 'data_dir_name': UTR_mqc/report5_data
[2020-07-14 10:05:24,732] multiqc                                            [DEBUG  ]  New config 'output_fn_name': UTR_mqc/report5.html
[2020-07-14 10:05:24,732] multiqc                                            [DEBUG  ]  New config 'fastp': {'fn': '*__fastp.json'}
[2020-07-14 10:05:24,732] multiqc                                            [DEBUG  ]  New config 'top_modules': ['generalstats', 'fastp', 'bowtie2', 'bamqc', 'picard', 'featurecounts', 'fastq_screen']
[2020-07-14 10:05:24,736] multiqc                                            [DEBUG  ]  Loading config settings from: multiqc_config.yaml
[2020-07-14 10:05:24,736] multiqc                                            [DEBUG  ]  New config 'title': UTR RNA-seq
[2020-07-14 10:05:24,736] multiqc                                            [DEBUG  ]  Added to filename clean extensions: ['_1.fastq.gz', '_sorted.bam']
[2020-07-14 10:05:24,736] multiqc                                            [DEBUG  ]  New config 'data_dir_name': UTR_mqc/report5_data
[2020-07-14 10:05:24,736] multiqc                                            [DEBUG  ]  New config 'output_fn_name': UTR_mqc/report5.html
[2020-07-14 10:05:24,736] multiqc                                            [DEBUG  ]  New config 'fastp': {'fn': '*__fastp.json'}
[2020-07-14 10:05:24,736] multiqc                                            [DEBUG  ]  New config 'top_modules': ['generalstats', 'fastp', 'bowtie2', 'bamqc', 'picard', 'featurecounts', 'fastq_screen']
[2020-07-14 10:05:24,736] multiqc                                            [DEBUG  ]  Command used: /homes/mtinti/miniconda3/envs/ritSeq/bin/multiqc BSF_01/res5/BSF_01/fastp BSF_03/res5/BSF_03/fastp BSF_04/res5/BSF_04/fastp BSF_05/res5/BSF_05/fastp BSF_06/res5/BSF_06/fastp BSF_07/res5/BSF_07/fastp BSF_08/res5/BSF_08/fastp PCF_01/res5/PCF_01/fastp PCF_02/res5/PCF_02/fastp PCF_03/res5/PCF_03/fastp PCF_04/res5/PCF_04/fastp PCF_05/res5/PCF_05/fastp PCF_06/res5/PCF_06/fastp PCF_07/res5/PCF_07/fastp BSF_01/res5/BSF_01/qualimap BSF_03/res5/BSF_03/qualimap BSF_04/res5/BSF_04/qualimap BSF_05/res5/BSF_05/qualimap BSF_06/res5/BSF_06/qualimap BSF_07/res5/BSF_07/qualimap BSF_08/res5/BSF_08/qualimap PCF_01/res5/PCF_01/qualimap PCF_02/res5/PCF_02/qualimap PCF_03/res5/PCF_03/qualimap PCF_04/res5/PCF_04/qualimap PCF_05/res5/PCF_05/qualimap PCF_06/res5/PCF_06/qualimap PCF_07/res5/PCF_07/qualimap BSF_01/res5/BSF_01/featureCounts BSF_03/res5/BSF_03/featureCounts BSF_04/res5/BSF_04/featureCounts BSF_05/res5/BSF_05/featureCounts BSF_06/res5/BSF_06/featureCounts BSF_07/res5/BSF_07/featureCounts BSF_08/res5/BSF_08/featureCounts PCF_01/res5/PCF_01/featureCounts PCF_02/res5/PCF_02/featureCounts PCF_03/res5/PCF_03/featureCounts PCF_04/res5/PCF_04/featureCounts PCF_05/res5/PCF_05/featureCounts PCF_06/res5/PCF_06/featureCounts PCF_07/res5/PCF_07/featureCounts BSF_01/res5/BSF_01/bowtie BSF_03/res5/BSF_03/bowtie BSF_04/res5/BSF_04/bowtie BSF_05/res5/BSF_05/bowtie BSF_06/res5/BSF_06/bowtie BSF_07/res5/BSF_07/bowtie BSF_08/res5/BSF_08/bowtie PCF_01/res5/PCF_01/bowtie PCF_02/res5/PCF_02/bowtie PCF_03/res5/PCF_03/bowtie PCF_04/res5/PCF_04/bowtie PCF_05/res5/PCF_05/bowtie PCF_06/res5/PCF_06/bowtie PCF_07/res5/PCF_07/bowtie BSF_01/res5/BSF_01/markduplicates BSF_03/res5/BSF_03/markduplicates BSF_04/res5/BSF_04/markduplicates BSF_05/res5/BSF_05/markduplicates BSF_06/res5/BSF_06/markduplicates BSF_07/res5/BSF_07/markduplicates BSF_08/res5/BSF_08/markduplicates PCF_01/res5/PCF_01/markduplicates PCF_02/res5/PCF_02/markduplicates PCF_03/res5/PCF_03/markduplicates PCF_04/res5/PCF_04/markduplicates PCF_05/res5/PCF_05/markduplicates PCF_06/res5/PCF_06/markduplicates PCF_07/res5/PCF_07/markduplicates BSF_01/res5/BSF_01/fastqs BSF_03/res5/BSF_03/fastqs BSF_04/res5/BSF_04/fastqs BSF_05/res5/BSF_05/fastqs BSF_06/res5/BSF_06/fastqs BSF_07/res5/BSF_07/fastqs BSF_08/res5/BSF_08/fastqs PCF_01/res5/PCF_01/fastqs PCF_02/res5/PCF_02/fastqs PCF_03/res5/PCF_03/fastqs PCF_04/res5/PCF_04/fastqs PCF_05/res5/PCF_05/fastqs PCF_06/res5/PCF_06/fastqs PCF_07/res5/PCF_07/fastqs --config multiqc_config.yaml -f
[2020-07-14 10:05:25,382] multiqc                                            [WARNING]  MultiQC Version v1.9 now available!
[2020-07-14 10:05:25,382] multiqc                                            [INFO   ]  This is MultiQC v1.7
[2020-07-14 10:05:25,382] multiqc                                            [DEBUG  ]  Command     : /homes/mtinti/miniconda3/envs/ritSeq/bin/multiqc BSF_01/res5/BSF_01/fastp BSF_03/res5/BSF_03/fastp BSF_04/res5/BSF_04/fastp BSF_05/res5/BSF_05/fastp BSF_06/res5/BSF_06/fastp BSF_07/res5/BSF_07/fastp BSF_08/res5/BSF_08/fastp PCF_01/res5/PCF_01/fastp PCF_02/res5/PCF_02/fastp PCF_03/res5/PCF_03/fastp PCF_04/res5/PCF_04/fastp PCF_05/res5/PCF_05/fastp PCF_06/res5/PCF_06/fastp PCF_07/res5/PCF_07/fastp BSF_01/res5/BSF_01/qualimap BSF_03/res5/BSF_03/qualimap BSF_04/res5/BSF_04/qualimap BSF_05/res5/BSF_05/qualimap BSF_06/res5/BSF_06/qualimap BSF_07/res5/BSF_07/qualimap BSF_08/res5/BSF_08/qualimap PCF_01/res5/PCF_01/qualimap PCF_02/res5/PCF_02/qualimap PCF_03/res5/PCF_03/qualimap PCF_04/res5/PCF_04/qualimap PCF_05/res5/PCF_05/qualimap PCF_06/res5/PCF_06/qualimap PCF_07/res5/PCF_07/qualimap BSF_01/res5/BSF_01/featureCounts BSF_03/res5/BSF_03/featureCounts BSF_04/res5/BSF_04/featureCounts BSF_05/res5/BSF_05/featureCounts BSF_06/res5/BSF_06/featureCounts BSF_07/res5/BSF_07/featureCounts BSF_08/res5/BSF_08/featureCounts PCF_01/res5/PCF_01/featureCounts PCF_02/res5/PCF_02/featureCounts PCF_03/res5/PCF_03/featureCounts PCF_04/res5/PCF_04/featureCounts PCF_05/res5/PCF_05/featureCounts PCF_06/res5/PCF_06/featureCounts PCF_07/res5/PCF_07/featureCounts BSF_01/res5/BSF_01/bowtie BSF_03/res5/BSF_03/bowtie BSF_04/res5/BSF_04/bowtie BSF_05/res5/BSF_05/bowtie BSF_06/res5/BSF_06/bowtie BSF_07/res5/BSF_07/bowtie BSF_08/res5/BSF_08/bowtie PCF_01/res5/PCF_01/bowtie PCF_02/res5/PCF_02/bowtie PCF_03/res5/PCF_03/bowtie PCF_04/res5/PCF_04/bowtie PCF_05/res5/PCF_05/bowtie PCF_06/res5/PCF_06/bowtie PCF_07/res5/PCF_07/bowtie BSF_01/res5/BSF_01/markduplicates BSF_03/res5/BSF_03/markduplicates BSF_04/res5/BSF_04/markduplicates BSF_05/res5/BSF_05/markduplicates BSF_06/res5/BSF_06/markduplicates BSF_07/res5/BSF_07/markduplicates BSF_08/res5/BSF_08/markduplicates PCF_01/res5/PCF_01/markduplicates PCF_02/res5/PCF_02/markduplicates PCF_03/res5/PCF_03/markduplicates PCF_04/res5/PCF_04/markduplicates PCF_05/res5/PCF_05/markduplicates PCF_06/res5/PCF_06/markduplicates PCF_07/res5/PCF_07/markduplicates BSF_01/res5/BSF_01/fastqs BSF_03/res5/BSF_03/fastqs BSF_04/res5/BSF_04/fastqs BSF_05/res5/BSF_05/fastqs BSF_06/res5/BSF_06/fastqs BSF_07/res5/BSF_07/fastqs BSF_08/res5/BSF_08/fastqs PCF_01/res5/PCF_01/fastqs PCF_02/res5/PCF_02/fastqs PCF_03/res5/PCF_03/fastqs PCF_04/res5/PCF_04/fastqs PCF_05/res5/PCF_05/fastqs PCF_06/res5/PCF_06/fastqs PCF_07/res5/PCF_07/fastqs --config multiqc_config.yaml -f
[2020-07-14 10:05:25,382] multiqc                                            [DEBUG  ]  Working dir : /cluster/majf_lab/mtinti/UTR
[2020-07-14 10:05:25,383] multiqc                                            [INFO   ]  Template    : default
[2020-07-14 10:05:25,383] multiqc                                            [INFO   ]  Report title: UTR RNA-seq
[2020-07-14 10:05:25,383] multiqc                                            [INFO   ]  Searching 'BSF_01/res5/BSF_01/fastp'
[2020-07-14 10:05:25,383] multiqc                                            [INFO   ]  Searching 'BSF_03/res5/BSF_03/fastp'
[2020-07-14 10:05:25,383] multiqc                                            [INFO   ]  Searching 'BSF_04/res5/BSF_04/fastp'
[2020-07-14 10:05:25,383] multiqc                                            [INFO   ]  Searching 'BSF_05/res5/BSF_05/fastp'
[2020-07-14 10:05:25,383] multiqc                                            [INFO   ]  Searching 'BSF_06/res5/BSF_06/fastp'
[2020-07-14 10:05:25,383] multiqc                                            [INFO   ]  Searching 'BSF_07/res5/BSF_07/fastp'
[2020-07-14 10:05:25,383] multiqc                                            [INFO   ]  Searching 'BSF_08/res5/BSF_08/fastp'
[2020-07-14 10:05:25,383] multiqc                                            [INFO   ]  Searching 'PCF_01/res5/PCF_01/fastp'
[2020-07-14 10:05:25,383] multiqc                                            [INFO   ]  Searching 'PCF_02/res5/PCF_02/fastp'
[2020-07-14 10:05:25,384] multiqc                                            [INFO   ]  Searching 'PCF_03/res5/PCF_03/fastp'
[2020-07-14 10:05:25,384] multiqc                                            [INFO   ]  Searching 'PCF_04/res5/PCF_04/fastp'
[2020-07-14 10:05:25,384] multiqc                                            [INFO   ]  Searching 'PCF_05/res5/PCF_05/fastp'
[2020-07-14 10:05:25,384] multiqc                                            [INFO   ]  Searching 'PCF_06/res5/PCF_06/fastp'
[2020-07-14 10:05:25,384] multiqc                                            [INFO   ]  Searching 'PCF_07/res5/PCF_07/fastp'
[2020-07-14 10:05:25,384] multiqc                                            [INFO   ]  Searching 'BSF_01/res5/BSF_01/qualimap'
[2020-07-14 10:05:25,384] multiqc                                            [INFO   ]  Searching 'BSF_03/res5/BSF_03/qualimap'
[2020-07-14 10:05:25,384] multiqc                                            [INFO   ]  Searching 'BSF_04/res5/BSF_04/qualimap'
[2020-07-14 10:05:25,384] multiqc                                            [INFO   ]  Searching 'BSF_05/res5/BSF_05/qualimap'
[2020-07-14 10:05:25,384] multiqc                                            [INFO   ]  Searching 'BSF_06/res5/BSF_06/qualimap'
[2020-07-14 10:05:25,384] multiqc                                            [INFO   ]  Searching 'BSF_07/res5/BSF_07/qualimap'
[2020-07-14 10:05:25,384] multiqc                                            [INFO   ]  Searching 'BSF_08/res5/BSF_08/qualimap'
[2020-07-14 10:05:25,385] multiqc                                            [INFO   ]  Searching 'PCF_01/res5/PCF_01/qualimap'
[2020-07-14 10:05:25,385] multiqc                                            [INFO   ]  Searching 'PCF_02/res5/PCF_02/qualimap'
[2020-07-14 10:05:25,385] multiqc                                            [INFO   ]  Searching 'PCF_03/res5/PCF_03/qualimap'
[2020-07-14 10:05:25,385] multiqc                                            [INFO   ]  Searching 'PCF_04/res5/PCF_04/qualimap'
[2020-07-14 10:05:25,385] multiqc                                            [INFO   ]  Searching 'PCF_05/res5/PCF_05/qualimap'
[2020-07-14 10:05:25,385] multiqc                                            [INFO   ]  Searching 'PCF_06/res5/PCF_06/qualimap'
[2020-07-14 10:05:25,385] multiqc                                            [INFO   ]  Searching 'PCF_07/res5/PCF_07/qualimap'
[2020-07-14 10:05:25,385] multiqc                                            [INFO   ]  Searching 'BSF_01/res5/BSF_01/featureCounts'
[2020-07-14 10:05:25,385] multiqc                                            [INFO   ]  Searching 'BSF_03/res5/BSF_03/featureCounts'
[2020-07-14 10:05:25,385] multiqc                                            [INFO   ]  Searching 'BSF_04/res5/BSF_04/featureCounts'
[2020-07-14 10:05:25,385] multiqc                                            [INFO   ]  Searching 'BSF_05/res5/BSF_05/featureCounts'
[2020-07-14 10:05:25,385] multiqc                                            [INFO   ]  Searching 'BSF_06/res5/BSF_06/featureCounts'
[2020-07-14 10:05:25,386] multiqc                                            [INFO   ]  Searching 'BSF_07/res5/BSF_07/featureCounts'
[2020-07-14 10:05:25,386] multiqc                                            [INFO   ]  Searching 'BSF_08/res5/BSF_08/featureCounts'
[2020-07-14 10:05:25,386] multiqc                                            [INFO   ]  Searching 'PCF_01/res5/PCF_01/featureCounts'
[2020-07-14 10:05:25,386] multiqc                                            [INFO   ]  Searching 'PCF_02/res5/PCF_02/featureCounts'
[2020-07-14 10:05:25,386] multiqc                                            [INFO   ]  Searching 'PCF_03/res5/PCF_03/featureCounts'
[2020-07-14 10:05:25,386] multiqc                                            [INFO   ]  Searching 'PCF_04/res5/PCF_04/featureCounts'
[2020-07-14 10:05:25,386] multiqc                                            [INFO   ]  Searching 'PCF_05/res5/PCF_05/featureCounts'
[2020-07-14 10:05:25,386] multiqc                                            [INFO   ]  Searching 'PCF_06/res5/PCF_06/featureCounts'
[2020-07-14 10:05:25,386] multiqc                                            [INFO   ]  Searching 'PCF_07/res5/PCF_07/featureCounts'
[2020-07-14 10:05:25,386] multiqc                                            [INFO   ]  Searching 'BSF_01/res5/BSF_01/bowtie'
[2020-07-14 10:05:25,387] multiqc                                            [INFO   ]  Searching 'BSF_03/res5/BSF_03/bowtie'
[2020-07-14 10:05:25,387] multiqc                                            [INFO   ]  Searching 'BSF_04/res5/BSF_04/bowtie'
[2020-07-14 10:05:25,387] multiqc                                            [INFO   ]  Searching 'BSF_05/res5/BSF_05/bowtie'
[2020-07-14 10:05:25,387] multiqc                                            [INFO   ]  Searching 'BSF_06/res5/BSF_06/bowtie'
[2020-07-14 10:05:25,387] multiqc                                            [INFO   ]  Searching 'BSF_07/res5/BSF_07/bowtie'
[2020-07-14 10:05:25,387] multiqc                                            [INFO   ]  Searching 'BSF_08/res5/BSF_08/bowtie'
[2020-07-14 10:05:25,387] multiqc                                            [INFO   ]  Searching 'PCF_01/res5/PCF_01/bowtie'
[2020-07-14 10:05:25,387] multiqc                                            [INFO   ]  Searching 'PCF_02/res5/PCF_02/bowtie'
[2020-07-14 10:05:25,387] multiqc                                            [INFO   ]  Searching 'PCF_03/res5/PCF_03/bowtie'
[2020-07-14 10:05:25,387] multiqc                                            [INFO   ]  Searching 'PCF_04/res5/PCF_04/bowtie'
[2020-07-14 10:05:25,387] multiqc                                            [INFO   ]  Searching 'PCF_05/res5/PCF_05/bowtie'
[2020-07-14 10:05:25,387] multiqc                                            [INFO   ]  Searching 'PCF_06/res5/PCF_06/bowtie'
[2020-07-14 10:05:25,388] multiqc                                            [INFO   ]  Searching 'PCF_07/res5/PCF_07/bowtie'
[2020-07-14 10:05:25,388] multiqc                                            [INFO   ]  Searching 'BSF_01/res5/BSF_01/markduplicates'
[2020-07-14 10:05:25,388] multiqc                                            [INFO   ]  Searching 'BSF_03/res5/BSF_03/markduplicates'
[2020-07-14 10:05:25,388] multiqc                                            [INFO   ]  Searching 'BSF_04/res5/BSF_04/markduplicates'
[2020-07-14 10:05:25,388] multiqc                                            [INFO   ]  Searching 'BSF_05/res5/BSF_05/markduplicates'
[2020-07-14 10:05:25,388] multiqc                                            [INFO   ]  Searching 'BSF_06/res5/BSF_06/markduplicates'
[2020-07-14 10:05:25,388] multiqc                                            [INFO   ]  Searching 'BSF_07/res5/BSF_07/markduplicates'
[2020-07-14 10:05:25,388] multiqc                                            [INFO   ]  Searching 'BSF_08/res5/BSF_08/markduplicates'
[2020-07-14 10:05:25,388] multiqc                                            [INFO   ]  Searching 'PCF_01/res5/PCF_01/markduplicates'
[2020-07-14 10:05:25,388] multiqc                                            [INFO   ]  Searching 'PCF_02/res5/PCF_02/markduplicates'
[2020-07-14 10:05:25,388] multiqc                                            [INFO   ]  Searching 'PCF_03/res5/PCF_03/markduplicates'
[2020-07-14 10:05:25,389] multiqc                                            [INFO   ]  Searching 'PCF_04/res5/PCF_04/markduplicates'
[2020-07-14 10:05:25,389] multiqc                                            [INFO   ]  Searching 'PCF_05/res5/PCF_05/markduplicates'
[2020-07-14 10:05:25,389] multiqc                                            [INFO   ]  Searching 'PCF_06/res5/PCF_06/markduplicates'
[2020-07-14 10:05:25,389] multiqc                                            [INFO   ]  Searching 'PCF_07/res5/PCF_07/markduplicates'
[2020-07-14 10:05:25,389] multiqc                                            [INFO   ]  Searching 'BSF_01/res5/BSF_01/fastqs'
[2020-07-14 10:05:25,389] multiqc                                            [INFO   ]  Searching 'BSF_03/res5/BSF_03/fastqs'
[2020-07-14 10:05:25,389] multiqc                                            [INFO   ]  Searching 'BSF_04/res5/BSF_04/fastqs'
[2020-07-14 10:05:25,389] multiqc                                            [INFO   ]  Searching 'BSF_05/res5/BSF_05/fastqs'
[2020-07-14 10:05:25,389] multiqc                                            [INFO   ]  Searching 'BSF_06/res5/BSF_06/fastqs'
[2020-07-14 10:05:25,389] multiqc                                            [INFO   ]  Searching 'BSF_07/res5/BSF_07/fastqs'
[2020-07-14 10:05:25,389] multiqc                                            [INFO   ]  Searching 'BSF_08/res5/BSF_08/fastqs'
[2020-07-14 10:05:25,389] multiqc                                            [INFO   ]  Searching 'PCF_01/res5/PCF_01/fastqs'
[2020-07-14 10:05:25,390] multiqc                                            [INFO   ]  Searching 'PCF_02/res5/PCF_02/fastqs'
[2020-07-14 10:05:25,390] multiqc                                            [INFO   ]  Searching 'PCF_03/res5/PCF_03/fastqs'
[2020-07-14 10:05:25,390] multiqc                                            [INFO   ]  Searching 'PCF_04/res5/PCF_04/fastqs'
[2020-07-14 10:05:25,390] multiqc                                            [INFO   ]  Searching 'PCF_05/res5/PCF_05/fastqs'
[2020-07-14 10:05:25,390] multiqc                                            [INFO   ]  Searching 'PCF_06/res5/PCF_06/fastqs'
[2020-07-14 10:05:25,390] multiqc                                            [INFO   ]  Searching 'PCF_07/res5/PCF_07/fastqs'
[2020-07-14 10:05:25,391] multiqc                                            [DEBUG  ]  Analysing modules: fastp, bowtie2, picard, fastq_screen, custom_content, conpair, peddy, methylQA, phantompeakqualtools, qualimap, preseq, quast, qorts, rna_seqc, rsem, rseqc, busco, goleft_indexcov, disambiguate, supernova, deeptools, sargasso, verifybamid, mirtrace, happy, homer, macs2, theta2, snpeff, gatk, htseq, bcftools, featureCounts, dedup, damageprofiler, prokka, samblaster, samtools, bamtools, jellyfish, vcftools, longranger, stacks, bbmap, bismark, biscuit, hicexplorer, hicup, hicpro, salmon, kallisto, slamdunk, star, hisat2, tophat, bowtie1, kat, leehom, adapterRemoval, clipandmerge, cutadapt, flexbar, trimmomatic, skewer, sortmerna, biobloomtools, afterqc, fastqc, minionqc, clusterflow, bcl2fastq, interop, flash
[2020-07-14 10:05:25,391] multiqc                                            [DEBUG  ]  Using temporary directory for creating report: /tmp/993.1.all.q/tmp1cbu5pmc
[2020-07-14 10:05:25,931] multiqc                                            [DEBUG  ]  Ignoring file as matched an ignore pattern: fastp_BSF_01_.html
[2020-07-14 10:05:25,934] multiqc                                            [DEBUG  ]  Ignoring file as matched an ignore pattern: fastp_BSF_03_.html
[2020-07-14 10:05:25,941] multiqc                                            [DEBUG  ]  Ignoring file as matched an ignore pattern: fastp_BSF_04_.html
[2020-07-14 10:05:25,945] multiqc                                            [DEBUG  ]  Ignoring file as matched an ignore pattern: fastp_BSF_05_.html
[2020-07-14 10:05:25,952] multiqc                                            [DEBUG  ]  Ignoring file as matched an ignore pattern: fastp_BSF_06_.html
[2020-07-14 10:05:25,955] multiqc                                            [DEBUG  ]  Ignoring file as matched an ignore pattern: fastp_BSF_07_.html
[2020-07-14 10:05:25,960] multiqc                                            [DEBUG  ]  Ignoring file as matched an ignore pattern: fastp_BSF_08_.html
[2020-07-14 10:05:25,964] multiqc                                            [DEBUG  ]  Ignoring file as matched an ignore pattern: fastp_PCF_01_.html
[2020-07-14 10:05:25,971] multiqc                                            [DEBUG  ]  Ignoring file as matched an ignore pattern: fastp_PCF_02_.html
[2020-07-14 10:05:25,975] multiqc                                            [DEBUG  ]  Ignoring file as matched an ignore pattern: fastp_PCF_03_.html
[2020-07-14 10:05:25,984] multiqc                                            [DEBUG  ]  Ignoring file as matched an ignore pattern: fastp_PCF_04_.html
[2020-07-14 10:05:25,993] multiqc                                            [DEBUG  ]  Ignoring file as matched an ignore pattern: fastp_PCF_05_.html
[2020-07-14 10:05:25,993] multiqc                                            [DEBUG  ]  Ignoring file as matched an ignore pattern: fastp_PCF_06_.html
[2020-07-14 10:05:25,998] multiqc                                            [DEBUG  ]  Ignoring file as matched an ignore pattern: fastp_PCF_07_.html
[2020-07-14 10:05:26,002] multiqc                                            [DEBUG  ]  Ignoring file as matched an ignore pattern: qualimapReport.html
[2020-07-14 10:05:27,001] multiqc                                            [DEBUG  ]  Ignoring file as matched an ignore pattern: qualimapReport.html
[2020-07-14 10:05:27,922] multiqc                                            [DEBUG  ]  Ignoring file as matched an ignore pattern: qualimapReport.html
[2020-07-14 10:05:28,731] multiqc                                            [DEBUG  ]  Ignoring file as matched an ignore pattern: qualimapReport.html
[2020-07-14 10:05:29,350] multiqc                                            [DEBUG  ]  Ignoring file as matched an ignore pattern: qualimapReport.html
[2020-07-14 10:05:29,907] multiqc                                            [DEBUG  ]  Ignoring file as matched an ignore pattern: qualimapReport.html
[2020-07-14 10:05:30,368] multiqc                                            [DEBUG  ]  Ignoring file as matched an ignore pattern: qualimapReport.html
[2020-07-14 10:05:30,908] multiqc                                            [DEBUG  ]  Ignoring file as matched an ignore pattern: qualimapReport.html
[2020-07-14 10:05:31,452] multiqc                                            [DEBUG  ]  Ignoring file as matched an ignore pattern: qualimapReport.html
[2020-07-14 10:05:32,003] multiqc                                            [DEBUG  ]  Ignoring file as matched an ignore pattern: qualimapReport.html
[2020-07-14 10:05:32,569] multiqc                                            [DEBUG  ]  Ignoring file as matched an ignore pattern: qualimapReport.html
[2020-07-14 10:05:33,137] multiqc                                            [DEBUG  ]  Ignoring file as matched an ignore pattern: qualimapReport.html
[2020-07-14 10:05:33,768] multiqc                                            [DEBUG  ]  Ignoring file as matched an ignore pattern: qualimapReport.html
[2020-07-14 10:05:34,439] multiqc                                            [DEBUG  ]  Ignoring file as matched an ignore pattern: qualimapReport.html
[2020-07-14 10:05:36,270] multiqc                                            [DEBUG  ]  Ignoring file as matched an ignore pattern: BSF_01_.sorted_unmap_all_1.tagged_filter.fastq.gz
[2020-07-14 10:05:36,274] multiqc                                            [DEBUG  ]  Ignoring file as matched an ignore pattern: BSF_01_.sorted_unmap_all_2.tagged_filter.fastq.gz
[2020-07-14 10:05:36,278] multiqc                                            [DEBUG  ]  Ignoring file as matched an ignore pattern: BSF_01_.sorted_unmap_all_1_screen.html
[2020-07-14 10:05:36,291] multiqc                                            [DEBUG  ]  Ignoring file as matched an ignore pattern: BSF_01_.sorted_unmap_all_2_screen.html
[2020-07-14 10:05:36,303] multiqc                                            [DEBUG  ]  Ignoring file as matched an ignore pattern: BSF_03_.sorted_unmap_all_2.tagged_filter.fastq.gz
[2020-07-14 10:05:36,311] multiqc                                            [DEBUG  ]  Ignoring file as matched an ignore pattern: BSF_03_.sorted_unmap_all_2_screen.html
[2020-07-14 10:05:36,314] multiqc                                            [DEBUG  ]  Ignoring file as matched an ignore pattern: BSF_03_.sorted_unmap_all_1.tagged_filter.fastq.gz
[2020-07-14 10:05:36,321] multiqc                                            [DEBUG  ]  Ignoring file as matched an ignore pattern: BSF_03_.sorted_unmap_all_1_screen.html
[2020-07-14 10:05:36,331] multiqc                                            [DEBUG  ]  Ignoring file as matched an ignore pattern: BSF_04_.sorted_unmap_all_1_screen.html
[2020-07-14 10:05:36,334] multiqc                                            [DEBUG  ]  Ignoring file as matched an ignore pattern: BSF_04_.sorted_unmap_all_1.tagged_filter.fastq.gz
[2020-07-14 10:05:36,341] multiqc                                            [DEBUG  ]  Ignoring file as matched an ignore pattern: BSF_04_.sorted_unmap_all_2.tagged_filter.fastq.gz
[2020-07-14 10:05:36,350] multiqc                                            [DEBUG  ]  Ignoring file as matched an ignore pattern: BSF_04_.sorted_unmap_all_2_screen.html
[2020-07-14 10:05:36,356] multiqc                                            [DEBUG  ]  Ignoring file as matched an ignore pattern: BSF_05_.sorted_unmap_all_2_screen.html
[2020-07-14 10:05:36,367] multiqc                                            [DEBUG  ]  Ignoring file as matched an ignore pattern: BSF_05_.sorted_unmap_all_1.tagged_filter.fastq.gz
[2020-07-14 10:05:36,373] multiqc                                            [DEBUG  ]  Ignoring file as matched an ignore pattern: BSF_05_.sorted_unmap_all_2.tagged_filter.fastq.gz
[2020-07-14 10:05:36,374] multiqc                                            [DEBUG  ]  Ignoring file as matched an ignore pattern: BSF_05_.sorted_unmap_all_1_screen.html
[2020-07-14 10:05:36,391] multiqc                                            [DEBUG  ]  Ignoring file as matched an ignore pattern: BSF_06_.sorted_unmap_all_1_screen.html
[2020-07-14 10:05:36,400] multiqc                                            [DEBUG  ]  Ignoring file as matched an ignore pattern: BSF_06_.sorted_unmap_all_2.tagged_filter.fastq.gz
[2020-07-14 10:05:36,412] multiqc                                            [DEBUG  ]  Ignoring file as matched an ignore pattern: BSF_06_.sorted_unmap_all_2_screen.html
[2020-07-14 10:05:36,414] multiqc                                            [DEBUG  ]  Ignoring file as matched an ignore pattern: BSF_06_.sorted_unmap_all_1.tagged_filter.fastq.gz
[2020-07-14 10:05:36,416] multiqc                                            [DEBUG  ]  Ignoring file as matched an ignore pattern: BSF_07_.sorted_unmap_all_1.tagged_filter.fastq.gz
[2020-07-14 10:05:36,419] multiqc                                            [DEBUG  ]  Ignoring file as matched an ignore pattern: BSF_07_.sorted_unmap_all_1_screen.html
[2020-07-14 10:05:36,419] multiqc                                            [DEBUG  ]  Ignoring file as matched an ignore pattern: BSF_07_.sorted_unmap_all_2.tagged_filter.fastq.gz
[2020-07-14 10:05:36,419] multiqc                                            [DEBUG  ]  Ignoring file as matched an ignore pattern: BSF_07_.sorted_unmap_all_2_screen.html
[2020-07-14 10:05:36,428] multiqc                                            [DEBUG  ]  Ignoring file as matched an ignore pattern: BSF_08_.sorted_unmap_all_1.tagged_filter.fastq.gz
[2020-07-14 10:05:36,430] multiqc                                            [DEBUG  ]  Ignoring file as matched an ignore pattern: BSF_08_.sorted_unmap_all_2.tagged_filter.fastq.gz
[2020-07-14 10:05:36,432] multiqc                                            [DEBUG  ]  Ignoring file as matched an ignore pattern: BSF_08_.sorted_unmap_all_2_screen.html
[2020-07-14 10:05:36,434] multiqc                                            [DEBUG  ]  Ignoring file as matched an ignore pattern: BSF_08_.sorted_unmap_all_1_screen.html
[2020-07-14 10:05:36,446] multiqc                                            [DEBUG  ]  Ignoring file as matched an ignore pattern: PCF_01_.sorted_unmap_all_2_screen.html
[2020-07-14 10:05:36,448] multiqc                                            [DEBUG  ]  Ignoring file as matched an ignore pattern: PCF_01_.sorted_unmap_all_2.tagged_filter.fastq.gz
[2020-07-14 10:05:36,455] multiqc                                            [DEBUG  ]  Ignoring file as matched an ignore pattern: PCF_01_.sorted_unmap_all_1.tagged_filter.fastq.gz
[2020-07-14 10:05:36,464] multiqc                                            [DEBUG  ]  Ignoring file as matched an ignore pattern: PCF_01_.sorted_unmap_all_1_screen.html
[2020-07-14 10:05:36,472] multiqc                                            [DEBUG  ]  Ignoring file as matched an ignore pattern: PCF_02_.sorted_unmap_all_1_screen.html
[2020-07-14 10:05:36,474] multiqc                                            [DEBUG  ]  Ignoring file as matched an ignore pattern: PCF_02_.sorted_unmap_all_1.tagged_filter.fastq.gz
[2020-07-14 10:05:36,477] multiqc                                            [DEBUG  ]  Ignoring file as matched an ignore pattern: PCF_02_.sorted_unmap_all_2_screen.html
[2020-07-14 10:05:36,485] multiqc                                            [DEBUG  ]  Ignoring file as matched an ignore pattern: PCF_02_.sorted_unmap_all_2.tagged_filter.fastq.gz
[2020-07-14 10:05:36,492] multiqc                                            [DEBUG  ]  Ignoring file as matched an ignore pattern: PCF_03_.sorted_unmap_all_1_screen.html
[2020-07-14 10:05:36,501] multiqc                                            [DEBUG  ]  Ignoring file as matched an ignore pattern: PCF_03_.sorted_unmap_all_1.tagged_filter.fastq.gz
[2020-07-14 10:05:36,503] multiqc                                            [DEBUG  ]  Ignoring file as matched an ignore pattern: PCF_03_.sorted_unmap_all_2.tagged_filter.fastq.gz
[2020-07-14 10:05:36,507] multiqc                                            [DEBUG  ]  Ignoring file as matched an ignore pattern: PCF_03_.sorted_unmap_all_2_screen.html
[2020-07-14 10:05:36,509] multiqc                                            [DEBUG  ]  Ignoring file as matched an ignore pattern: PCF_04_.sorted_unmap_all_1_screen.html
[2020-07-14 10:05:36,516] multiqc                                            [DEBUG  ]  Ignoring file as matched an ignore pattern: PCF_04_.sorted_unmap_all_2.tagged_filter.fastq.gz
[2020-07-14 10:05:36,523] multiqc                                            [DEBUG  ]  Ignoring file as matched an ignore pattern: PCF_04_.sorted_unmap_all_2_screen.html
[2020-07-14 10:05:36,530] multiqc                                            [DEBUG  ]  Ignoring file as matched an ignore pattern: PCF_04_.sorted_unmap_all_1.tagged_filter.fastq.gz
[2020-07-14 10:05:36,545] multiqc                                            [DEBUG  ]  Ignoring file as matched an ignore pattern: PCF_05_.sorted_unmap_all_1.tagged_filter.fastq.gz
[2020-07-14 10:05:36,547] multiqc                                            [DEBUG  ]  Ignoring file as matched an ignore pattern: PCF_05_.sorted_unmap_all_2.tagged_filter.fastq.gz
[2020-07-14 10:05:36,549] multiqc                                            [DEBUG  ]  Ignoring file as matched an ignore pattern: PCF_05_.sorted_unmap_all_1_screen.html
[2020-07-14 10:05:36,551] multiqc                                            [DEBUG  ]  Ignoring file as matched an ignore pattern: PCF_05_.sorted_unmap_all_2_screen.html
[2020-07-14 10:05:36,553] multiqc                                            [DEBUG  ]  Ignoring file as matched an ignore pattern: PCF_06_.sorted_unmap_all_2_screen.html
[2020-07-14 10:05:36,554] multiqc                                            [DEBUG  ]  Ignoring file as matched an ignore pattern: PCF_06_.sorted_unmap_all_1.tagged_filter.fastq.gz
[2020-07-14 10:05:36,556] multiqc                                            [DEBUG  ]  Ignoring file as matched an ignore pattern: PCF_06_.sorted_unmap_all_1_screen.html
[2020-07-14 10:05:36,556] multiqc                                            [DEBUG  ]  Ignoring file as matched an ignore pattern: PCF_06_.sorted_unmap_all_2.tagged_filter.fastq.gz
[2020-07-14 10:05:36,559] multiqc                                            [DEBUG  ]  Ignoring file as matched an ignore pattern: PCF_07_.sorted_unmap_all_1_screen.html
[2020-07-14 10:05:36,563] multiqc                                            [DEBUG  ]  Ignoring file as matched an ignore pattern: PCF_07_.sorted_unmap_all_2.tagged_filter.fastq.gz
[2020-07-14 10:05:36,566] multiqc                                            [DEBUG  ]  Ignoring file as matched an ignore pattern: PCF_07_.sorted_unmap_all_2_screen.html
[2020-07-14 10:05:36,570] multiqc                                            [DEBUG  ]  Ignoring file as matched an ignore pattern: PCF_07_.sorted_unmap_all_1.tagged_filter.fastq.gz
[2020-07-14 10:05:37,358] multiqc.modules.fastp.fastp                        [INFO   ]  Found 14 reports
[2020-07-14 10:05:37,441] multiqc.modules.bowtie2.bowtie2                    [INFO   ]  Found 14 reports
[2020-07-14 10:05:37,472] multiqc.modules.picard.picard                      [INFO   ]  Found 14 MarkDuplicates reports
[2020-07-14 10:05:37,490] multiqc.modules.fastq_screen.fastq_screen          [DEBUG  ]  Duplicate sample name found! Overwriting: BSF_01
[2020-07-14 10:05:37,498] multiqc.modules.fastq_screen.fastq_screen          [DEBUG  ]  Duplicate sample name found! Overwriting: BSF_03
[2020-07-14 10:05:37,506] multiqc.modules.fastq_screen.fastq_screen          [DEBUG  ]  Duplicate sample name found! Overwriting: BSF_04
[2020-07-14 10:05:37,512] multiqc.modules.fastq_screen.fastq_screen          [DEBUG  ]  Duplicate sample name found! Overwriting: BSF_05
[2020-07-14 10:05:37,521] multiqc.modules.fastq_screen.fastq_screen          [DEBUG  ]  Duplicate sample name found! Overwriting: BSF_06
[2020-07-14 10:05:37,524] multiqc.modules.fastq_screen.fastq_screen          [DEBUG  ]  Duplicate sample name found! Overwriting: BSF_07
[2020-07-14 10:05:37,533] multiqc.modules.fastq_screen.fastq_screen          [DEBUG  ]  Duplicate sample name found! Overwriting: BSF_08
[2020-07-14 10:05:37,541] multiqc.modules.fastq_screen.fastq_screen          [DEBUG  ]  Duplicate sample name found! Overwriting: PCF_01
[2020-07-14 10:05:37,548] multiqc.modules.fastq_screen.fastq_screen          [DEBUG  ]  Duplicate sample name found! Overwriting: PCF_02
[2020-07-14 10:05:37,555] multiqc.modules.fastq_screen.fastq_screen          [DEBUG  ]  Duplicate sample name found! Overwriting: PCF_03
[2020-07-14 10:05:37,562] multiqc.modules.fastq_screen.fastq_screen          [DEBUG  ]  Duplicate sample name found! Overwriting: PCF_04
[2020-07-14 10:05:37,569] multiqc.modules.fastq_screen.fastq_screen          [DEBUG  ]  Duplicate sample name found! Overwriting: PCF_05
[2020-07-14 10:05:37,572] multiqc.modules.fastq_screen.fastq_screen          [DEBUG  ]  Duplicate sample name found! Overwriting: PCF_06
[2020-07-14 10:05:37,581] multiqc.modules.fastq_screen.fastq_screen          [DEBUG  ]  Duplicate sample name found! Overwriting: PCF_07
[2020-07-14 10:05:37,581] multiqc.modules.fastq_screen.fastq_screen          [INFO   ]  Found 14 reports
[2020-07-14 10:05:37,595] multiqc                                            [DEBUG  ]  No samples found: custom_content
[2020-07-14 10:05:37,602] multiqc                                            [DEBUG  ]  No samples found: conpair
[2020-07-14 10:05:37,609] multiqc                                            [DEBUG  ]  No samples found: peddy
[2020-07-14 10:05:37,615] multiqc                                            [DEBUG  ]  No samples found: methylQA
[2020-07-14 10:05:37,621] multiqc                                            [DEBUG  ]  No samples found: phantompeakqualtools
[2020-07-14 10:05:37,906] multiqc.modules.qualimap.QM_BamQC                  [DEBUG  ]  Using default Qualimap thresholds: 1, 5, 10, 30, 50
[2020-07-14 10:05:38,001] multiqc.modules.qualimap.qualimap                  [INFO   ]  Found 14 BamQC reports
[2020-07-14 10:05:38,111] multiqc.modules.qualimap.qualimap                  [INFO   ]  Found 14 RNASeq reports
[2020-07-14 10:05:38,118] multiqc                                            [DEBUG  ]  No samples found: preseq
[2020-07-14 10:05:38,125] multiqc                                            [DEBUG  ]  No samples found: quast
[2020-07-14 10:05:38,132] multiqc                                            [DEBUG  ]  No samples found: qorts
[2020-07-14 10:05:38,139] multiqc                                            [DEBUG  ]  No samples found: rna_seqc
[2020-07-14 10:05:38,146] multiqc                                            [DEBUG  ]  No samples found: rsem
[2020-07-14 10:05:38,158] multiqc                                            [DEBUG  ]  No samples found: rseqc
[2020-07-14 10:05:38,165] multiqc                                            [DEBUG  ]  No samples found: busco
[2020-07-14 10:05:38,172] multiqc                                            [DEBUG  ]  No samples found: goleft_indexcov
[2020-07-14 10:05:38,179] multiqc                                            [DEBUG  ]  No samples found: disambiguate
[2020-07-14 10:05:38,186] multiqc                                            [DEBUG  ]  No samples found: supernova
[2020-07-14 10:05:38,199] multiqc                                            [DEBUG  ]  No samples found: deeptools
[2020-07-14 10:05:38,207] multiqc                                            [DEBUG  ]  No samples found: sargasso
[2020-07-14 10:05:38,213] multiqc                                            [DEBUG  ]  No samples found: verifybamid
[2020-07-14 10:05:38,220] multiqc                                            [DEBUG  ]  No samples found: mirtrace
[2020-07-14 10:05:38,227] multiqc                                            [DEBUG  ]  No samples found: happy
[2020-07-14 10:05:38,236] multiqc                                            [DEBUG  ]  No samples found: homer
[2020-07-14 10:05:38,243] multiqc                                            [DEBUG  ]  No samples found: macs2
[2020-07-14 10:05:38,250] multiqc                                            [DEBUG  ]  No samples found: theta2
[2020-07-14 10:05:38,257] multiqc                                            [DEBUG  ]  No samples found: snpeff
[2020-07-14 10:05:38,265] multiqc                                            [DEBUG  ]  No samples found: gatk
[2020-07-14 10:05:38,272] multiqc                                            [DEBUG  ]  No samples found: htseq
[2020-07-14 10:05:38,280] multiqc                                            [DEBUG  ]  No samples found: bcftools
[2020-07-14 10:05:38,296] multiqc.modules.featureCounts.feature_counts       [INFO   ]  Found 14 reports
[2020-07-14 10:05:38,304] multiqc                                            [DEBUG  ]  No samples found: dedup
[2020-07-14 10:05:38,311] multiqc                                            [DEBUG  ]  No samples found: damageprofiler
[2020-07-14 10:05:38,318] multiqc                                            [DEBUG  ]  No samples found: prokka
[2020-07-14 10:05:38,325] multiqc                                            [DEBUG  ]  No samples found: samblaster
[2020-07-14 10:05:38,334] multiqc                                            [DEBUG  ]  No samples found: samtools
[2020-07-14 10:05:38,342] multiqc                                            [DEBUG  ]  No samples found: bamtools
[2020-07-14 10:05:38,349] multiqc                                            [DEBUG  ]  No samples found: jellyfish
[2020-07-14 10:05:38,360] multiqc                                            [DEBUG  ]  No samples found: vcftools
[2020-07-14 10:05:38,367] multiqc                                            [DEBUG  ]  No samples found: longranger
[2020-07-14 10:05:38,375] multiqc                                            [DEBUG  ]  No samples found: stacks
[2020-07-14 10:05:38,389] multiqc                                            [DEBUG  ]  No samples found: bbmap
[2020-07-14 10:05:38,396] multiqc                                            [DEBUG  ]  No samples found: bismark
[2020-07-14 10:05:38,404] multiqc                                            [DEBUG  ]  No samples found: biscuit
[2020-07-14 10:05:38,411] multiqc                                            [DEBUG  ]  No samples found: hicexplorer
[2020-07-14 10:05:38,418] multiqc                                            [DEBUG  ]  No samples found: hicup
[2020-07-14 10:05:38,425] multiqc                                            [DEBUG  ]  No samples found: hicpro
[2020-07-14 10:05:38,432] multiqc                                            [DEBUG  ]  No samples found: salmon
[2020-07-14 10:05:38,439] multiqc                                            [DEBUG  ]  No samples found: kallisto
[2020-07-14 10:05:38,446] multiqc                                            [DEBUG  ]  No samples found: slamdunk
[2020-07-14 10:05:38,455] multiqc                                            [DEBUG  ]  No samples found: star
[2020-07-14 10:05:38,462] multiqc                                            [DEBUG  ]  No samples found: hisat2
[2020-07-14 10:05:38,469] multiqc                                            [DEBUG  ]  No samples found: tophat
[2020-07-14 10:05:38,476] multiqc                                            [DEBUG  ]  No samples found: bowtie1
[2020-07-14 10:05:38,482] multiqc                                            [DEBUG  ]  No samples found: kat
[2020-07-14 10:05:38,489] multiqc                                            [DEBUG  ]  No samples found: leehom
[2020-07-14 10:05:38,496] multiqc                                            [DEBUG  ]  No samples found: adapterRemoval
[2020-07-14 10:05:38,503] multiqc                                            [DEBUG  ]  No samples found: clipandmerge
[2020-07-14 10:05:38,510] multiqc                                            [DEBUG  ]  No samples found: cutadapt
[2020-07-14 10:05:38,584] multiqc                                            [DEBUG  ]  No samples found: flexbar
[2020-07-14 10:05:38,591] multiqc                                            [DEBUG  ]  No samples found: trimmomatic
[2020-07-14 10:05:38,598] multiqc                                            [DEBUG  ]  No samples found: skewer
[2020-07-14 10:05:38,605] multiqc                                            [DEBUG  ]  No samples found: sortmerna
[2020-07-14 10:05:38,612] multiqc                                            [DEBUG  ]  No samples found: biobloomtools
[2020-07-14 10:05:38,619] multiqc                                            [DEBUG  ]  No samples found: afterqc
[2020-07-14 10:05:38,627] multiqc                                            [DEBUG  ]  No samples found: fastqc
[2020-07-14 10:05:38,634] multiqc                                            [DEBUG  ]  No samples found: minionqc
[2020-07-14 10:05:38,641] multiqc                                            [DEBUG  ]  No samples found: clusterflow
[2020-07-14 10:05:38,648] multiqc                                            [DEBUG  ]  No samples found: bcl2fastq
[2020-07-14 10:05:38,656] multiqc                                            [DEBUG  ]  No samples found: interop
[2020-07-14 10:05:38,663] multiqc                                            [DEBUG  ]  No samples found: flash
[2020-07-14 10:05:38,862] multiqc                                            [INFO   ]  Compressing plot data
[2020-07-14 10:05:40,270] multiqc                                            [INFO   ]  Report      : UTR_mqc/report5.html
[2020-07-14 10:05:40,271] multiqc                                            [INFO   ]  Data        : UTR_mqc/report5_data
[2020-07-14 10:05:40,363] multiqc                                            [DEBUG  ]  Moving data file from '/tmp/993.1.all.q/tmp1cbu5pmc/multiqc_data/multiqc_fastp.txt' to '/cluster/majf_lab/mtinti/UTR/UTR_mqc/report5_data'
[2020-07-14 10:05:40,365] multiqc                                            [DEBUG  ]  Moving data file from '/tmp/993.1.all.q/tmp1cbu5pmc/multiqc_data/multiqc_bowtie2.txt' to '/cluster/majf_lab/mtinti/UTR/UTR_mqc/report5_data'
[2020-07-14 10:05:40,366] multiqc                                            [DEBUG  ]  Moving data file from '/tmp/993.1.all.q/tmp1cbu5pmc/multiqc_data/multiqc_picard_dups.txt' to '/cluster/majf_lab/mtinti/UTR/UTR_mqc/report5_data'
[2020-07-14 10:05:40,367] multiqc                                            [DEBUG  ]  Moving data file from '/tmp/993.1.all.q/tmp1cbu5pmc/multiqc_data/multiqc_fastq_screen.txt' to '/cluster/majf_lab/mtinti/UTR/UTR_mqc/report5_data'
[2020-07-14 10:05:40,369] multiqc                                            [DEBUG  ]  Moving data file from '/tmp/993.1.all.q/tmp1cbu5pmc/multiqc_data/multiqc_featureCounts.txt' to '/cluster/majf_lab/mtinti/UTR/UTR_mqc/report5_data'
[2020-07-14 10:05:40,370] multiqc                                            [DEBUG  ]  Moving data file from '/tmp/993.1.all.q/tmp1cbu5pmc/multiqc_data/multiqc_general_stats.txt' to '/cluster/majf_lab/mtinti/UTR/UTR_mqc/report5_data'
[2020-07-14 10:05:40,370] multiqc                                            [DEBUG  ]  Moving data file from '/tmp/993.1.all.q/tmp1cbu5pmc/multiqc_data/multiqc_sources.txt' to '/cluster/majf_lab/mtinti/UTR/UTR_mqc/report5_data'
[2020-07-14 10:05:40,371] multiqc                                            [DEBUG  ]  Moving data file from '/tmp/993.1.all.q/tmp1cbu5pmc/multiqc_data/multiqc_data.json' to '/cluster/majf_lab/mtinti/UTR/UTR_mqc/report5_data'
[2020-07-14 10:05:40,638] multiqc                                            [INFO   ]  MultiQC complete
