[2020-07-13 21:15:02,072] multiqc                                            [DEBUG  ]  No MultiQC config found: /cluster/home/mtinti/miniconda3/envs/ritSeq/lib/python3.7/site-packages/multiqc_config.yaml
[2020-07-13 21:15:02,073] multiqc                                            [DEBUG  ]  No MultiQC config found: /homes/mtinti/.multiqc_config.yaml
[2020-07-13 21:15:02,079] multiqc                                            [DEBUG  ]  Loading config settings from: multiqc_config.yaml
[2020-07-13 21:15:02,079] multiqc                                            [DEBUG  ]  New config 'title': UTR RNA-seq
[2020-07-13 21:15:02,079] multiqc                                            [DEBUG  ]  Added to filename clean extensions: ['_1.fastq.gz', '_sorted.bam']
[2020-07-13 21:15:02,080] multiqc                                            [DEBUG  ]  New config 'data_dir_name': UTR_mqc/report4_data
[2020-07-13 21:15:02,080] multiqc                                            [DEBUG  ]  New config 'output_fn_name': UTR_mqc/report4.html
[2020-07-13 21:15:02,080] multiqc                                            [DEBUG  ]  New config 'fastp': {'fn': '*__fastp.json'}
[2020-07-13 21:15:02,080] multiqc                                            [DEBUG  ]  New config 'top_modules': ['generalstats', 'fastp', 'bowtie2', 'bamqc', 'picard', 'featurecounts', 'fastq_screen']
[2020-07-13 21:15:02,084] multiqc                                            [DEBUG  ]  Loading config settings from: multiqc_config.yaml
[2020-07-13 21:15:02,084] multiqc                                            [DEBUG  ]  New config 'title': UTR RNA-seq
[2020-07-13 21:15:02,086] multiqc                                            [DEBUG  ]  Added to filename clean extensions: ['_1.fastq.gz', '_sorted.bam']
[2020-07-13 21:15:02,086] multiqc                                            [DEBUG  ]  New config 'data_dir_name': UTR_mqc/report4_data
[2020-07-13 21:15:02,086] multiqc                                            [DEBUG  ]  New config 'output_fn_name': UTR_mqc/report4.html
[2020-07-13 21:15:02,086] multiqc                                            [DEBUG  ]  New config 'fastp': {'fn': '*__fastp.json'}
[2020-07-13 21:15:02,086] multiqc                                            [DEBUG  ]  New config 'top_modules': ['generalstats', 'fastp', 'bowtie2', 'bamqc', 'picard', 'featurecounts', 'fastq_screen']
[2020-07-13 21:15:02,086] multiqc                                            [DEBUG  ]  Command used: /homes/mtinti/miniconda3/envs/ritSeq/bin/multiqc BSF_01/res4/BSF_01/fastp BSF_03/res4/BSF_03/fastp BSF_04/res4/BSF_04/fastp BSF_05/res4/BSF_05/fastp BSF_06/res4/BSF_06/fastp BSF_07/res4/BSF_07/fastp BSF_08/res4/BSF_08/fastp PCF_01/res4/PCF_01/fastp PCF_02/res4/PCF_02/fastp PCF_03/res4/PCF_03/fastp PCF_04/res4/PCF_04/fastp PCF_05/res4/PCF_05/fastp PCF_06/res4/PCF_06/fastp PCF_07/res4/PCF_07/fastp BSF_01/res4/BSF_01/qualimap BSF_03/res4/BSF_03/qualimap BSF_04/res4/BSF_04/qualimap BSF_05/res4/BSF_05/qualimap BSF_06/res4/BSF_06/qualimap BSF_07/res4/BSF_07/qualimap BSF_08/res4/BSF_08/qualimap PCF_01/res4/PCF_01/qualimap PCF_02/res4/PCF_02/qualimap PCF_03/res4/PCF_03/qualimap PCF_04/res4/PCF_04/qualimap PCF_05/res4/PCF_05/qualimap PCF_06/res4/PCF_06/qualimap PCF_07/res4/PCF_07/qualimap BSF_01/res4/BSF_01/featureCounts BSF_03/res4/BSF_03/featureCounts BSF_04/res4/BSF_04/featureCounts BSF_05/res4/BSF_05/featureCounts BSF_06/res4/BSF_06/featureCounts BSF_07/res4/BSF_07/featureCounts BSF_08/res4/BSF_08/featureCounts PCF_01/res4/PCF_01/featureCounts PCF_02/res4/PCF_02/featureCounts PCF_03/res4/PCF_03/featureCounts PCF_04/res4/PCF_04/featureCounts PCF_05/res4/PCF_05/featureCounts PCF_06/res4/PCF_06/featureCounts PCF_07/res4/PCF_07/featureCounts BSF_01/res4/BSF_01/bowtie BSF_03/res4/BSF_03/bowtie BSF_04/res4/BSF_04/bowtie BSF_05/res4/BSF_05/bowtie BSF_06/res4/BSF_06/bowtie BSF_07/res4/BSF_07/bowtie BSF_08/res4/BSF_08/bowtie PCF_01/res4/PCF_01/bowtie PCF_02/res4/PCF_02/bowtie PCF_03/res4/PCF_03/bowtie PCF_04/res4/PCF_04/bowtie PCF_05/res4/PCF_05/bowtie PCF_06/res4/PCF_06/bowtie PCF_07/res4/PCF_07/bowtie BSF_01/res4/BSF_01/markduplicates BSF_03/res4/BSF_03/markduplicates BSF_04/res4/BSF_04/markduplicates BSF_05/res4/BSF_05/markduplicates BSF_06/res4/BSF_06/markduplicates BSF_07/res4/BSF_07/markduplicates BSF_08/res4/BSF_08/markduplicates PCF_01/res4/PCF_01/markduplicates PCF_02/res4/PCF_02/markduplicates PCF_03/res4/PCF_03/markduplicates PCF_04/res4/PCF_04/markduplicates PCF_05/res4/PCF_05/markduplicates PCF_06/res4/PCF_06/markduplicates PCF_07/res4/PCF_07/markduplicates BSF_01/res4/BSF_01/fastqs BSF_03/res4/BSF_03/fastqs BSF_04/res4/BSF_04/fastqs BSF_05/res4/BSF_05/fastqs BSF_06/res4/BSF_06/fastqs BSF_07/res4/BSF_07/fastqs BSF_08/res4/BSF_08/fastqs PCF_01/res4/PCF_01/fastqs PCF_02/res4/PCF_02/fastqs PCF_03/res4/PCF_03/fastqs PCF_04/res4/PCF_04/fastqs PCF_05/res4/PCF_05/fastqs PCF_06/res4/PCF_06/fastqs PCF_07/res4/PCF_07/fastqs --config multiqc_config.yaml -f
[2020-07-13 21:15:02,854] multiqc                                            [WARNING]  MultiQC Version v1.9 now available!
[2020-07-13 21:15:02,854] multiqc                                            [INFO   ]  This is MultiQC v1.7
[2020-07-13 21:15:02,854] multiqc                                            [DEBUG  ]  Command     : /homes/mtinti/miniconda3/envs/ritSeq/bin/multiqc BSF_01/res4/BSF_01/fastp BSF_03/res4/BSF_03/fastp BSF_04/res4/BSF_04/fastp BSF_05/res4/BSF_05/fastp BSF_06/res4/BSF_06/fastp BSF_07/res4/BSF_07/fastp BSF_08/res4/BSF_08/fastp PCF_01/res4/PCF_01/fastp PCF_02/res4/PCF_02/fastp PCF_03/res4/PCF_03/fastp PCF_04/res4/PCF_04/fastp PCF_05/res4/PCF_05/fastp PCF_06/res4/PCF_06/fastp PCF_07/res4/PCF_07/fastp BSF_01/res4/BSF_01/qualimap BSF_03/res4/BSF_03/qualimap BSF_04/res4/BSF_04/qualimap BSF_05/res4/BSF_05/qualimap BSF_06/res4/BSF_06/qualimap BSF_07/res4/BSF_07/qualimap BSF_08/res4/BSF_08/qualimap PCF_01/res4/PCF_01/qualimap PCF_02/res4/PCF_02/qualimap PCF_03/res4/PCF_03/qualimap PCF_04/res4/PCF_04/qualimap PCF_05/res4/PCF_05/qualimap PCF_06/res4/PCF_06/qualimap PCF_07/res4/PCF_07/qualimap BSF_01/res4/BSF_01/featureCounts BSF_03/res4/BSF_03/featureCounts BSF_04/res4/BSF_04/featureCounts BSF_05/res4/BSF_05/featureCounts BSF_06/res4/BSF_06/featureCounts BSF_07/res4/BSF_07/featureCounts BSF_08/res4/BSF_08/featureCounts PCF_01/res4/PCF_01/featureCounts PCF_02/res4/PCF_02/featureCounts PCF_03/res4/PCF_03/featureCounts PCF_04/res4/PCF_04/featureCounts PCF_05/res4/PCF_05/featureCounts PCF_06/res4/PCF_06/featureCounts PCF_07/res4/PCF_07/featureCounts BSF_01/res4/BSF_01/bowtie BSF_03/res4/BSF_03/bowtie BSF_04/res4/BSF_04/bowtie BSF_05/res4/BSF_05/bowtie BSF_06/res4/BSF_06/bowtie BSF_07/res4/BSF_07/bowtie BSF_08/res4/BSF_08/bowtie PCF_01/res4/PCF_01/bowtie PCF_02/res4/PCF_02/bowtie PCF_03/res4/PCF_03/bowtie PCF_04/res4/PCF_04/bowtie PCF_05/res4/PCF_05/bowtie PCF_06/res4/PCF_06/bowtie PCF_07/res4/PCF_07/bowtie BSF_01/res4/BSF_01/markduplicates BSF_03/res4/BSF_03/markduplicates BSF_04/res4/BSF_04/markduplicates BSF_05/res4/BSF_05/markduplicates BSF_06/res4/BSF_06/markduplicates BSF_07/res4/BSF_07/markduplicates BSF_08/res4/BSF_08/markduplicates PCF_01/res4/PCF_01/markduplicates PCF_02/res4/PCF_02/markduplicates PCF_03/res4/PCF_03/markduplicates PCF_04/res4/PCF_04/markduplicates PCF_05/res4/PCF_05/markduplicates PCF_06/res4/PCF_06/markduplicates PCF_07/res4/PCF_07/markduplicates BSF_01/res4/BSF_01/fastqs BSF_03/res4/BSF_03/fastqs BSF_04/res4/BSF_04/fastqs BSF_05/res4/BSF_05/fastqs BSF_06/res4/BSF_06/fastqs BSF_07/res4/BSF_07/fastqs BSF_08/res4/BSF_08/fastqs PCF_01/res4/PCF_01/fastqs PCF_02/res4/PCF_02/fastqs PCF_03/res4/PCF_03/fastqs PCF_04/res4/PCF_04/fastqs PCF_05/res4/PCF_05/fastqs PCF_06/res4/PCF_06/fastqs PCF_07/res4/PCF_07/fastqs --config multiqc_config.yaml -f
[2020-07-13 21:15:02,855] multiqc                                            [DEBUG  ]  Working dir : /cluster/majf_lab/mtinti/UTR
[2020-07-13 21:15:02,855] multiqc                                            [INFO   ]  Template    : default
[2020-07-13 21:15:02,855] multiqc                                            [INFO   ]  Report title: UTR RNA-seq
[2020-07-13 21:15:02,855] multiqc                                            [INFO   ]  Searching 'BSF_01/res4/BSF_01/fastp'
[2020-07-13 21:15:02,855] multiqc                                            [INFO   ]  Searching 'BSF_03/res4/BSF_03/fastp'
[2020-07-13 21:15:02,855] multiqc                                            [INFO   ]  Searching 'BSF_04/res4/BSF_04/fastp'
[2020-07-13 21:15:02,855] multiqc                                            [INFO   ]  Searching 'BSF_05/res4/BSF_05/fastp'
[2020-07-13 21:15:02,855] multiqc                                            [INFO   ]  Searching 'BSF_06/res4/BSF_06/fastp'
[2020-07-13 21:15:02,855] multiqc                                            [INFO   ]  Searching 'BSF_07/res4/BSF_07/fastp'
[2020-07-13 21:15:02,855] multiqc                                            [INFO   ]  Searching 'BSF_08/res4/BSF_08/fastp'
[2020-07-13 21:15:02,855] multiqc                                            [INFO   ]  Searching 'PCF_01/res4/PCF_01/fastp'
[2020-07-13 21:15:02,856] multiqc                                            [INFO   ]  Searching 'PCF_02/res4/PCF_02/fastp'
[2020-07-13 21:15:02,856] multiqc                                            [INFO   ]  Searching 'PCF_03/res4/PCF_03/fastp'
[2020-07-13 21:15:02,856] multiqc                                            [INFO   ]  Searching 'PCF_04/res4/PCF_04/fastp'
[2020-07-13 21:15:02,856] multiqc                                            [INFO   ]  Searching 'PCF_05/res4/PCF_05/fastp'
[2020-07-13 21:15:02,856] multiqc                                            [INFO   ]  Searching 'PCF_06/res4/PCF_06/fastp'
[2020-07-13 21:15:02,856] multiqc                                            [INFO   ]  Searching 'PCF_07/res4/PCF_07/fastp'
[2020-07-13 21:15:02,856] multiqc                                            [INFO   ]  Searching 'BSF_01/res4/BSF_01/qualimap'
[2020-07-13 21:15:02,856] multiqc                                            [INFO   ]  Searching 'BSF_03/res4/BSF_03/qualimap'
[2020-07-13 21:15:02,856] multiqc                                            [INFO   ]  Searching 'BSF_04/res4/BSF_04/qualimap'
[2020-07-13 21:15:02,856] multiqc                                            [INFO   ]  Searching 'BSF_05/res4/BSF_05/qualimap'
[2020-07-13 21:15:02,857] multiqc                                            [INFO   ]  Searching 'BSF_06/res4/BSF_06/qualimap'
[2020-07-13 21:15:02,857] multiqc                                            [INFO   ]  Searching 'BSF_07/res4/BSF_07/qualimap'
[2020-07-13 21:15:02,857] multiqc                                            [INFO   ]  Searching 'BSF_08/res4/BSF_08/qualimap'
[2020-07-13 21:15:02,857] multiqc                                            [INFO   ]  Searching 'PCF_01/res4/PCF_01/qualimap'
[2020-07-13 21:15:02,857] multiqc                                            [INFO   ]  Searching 'PCF_02/res4/PCF_02/qualimap'
[2020-07-13 21:15:02,857] multiqc                                            [INFO   ]  Searching 'PCF_03/res4/PCF_03/qualimap'
[2020-07-13 21:15:02,857] multiqc                                            [INFO   ]  Searching 'PCF_04/res4/PCF_04/qualimap'
[2020-07-13 21:15:02,857] multiqc                                            [INFO   ]  Searching 'PCF_05/res4/PCF_05/qualimap'
[2020-07-13 21:15:02,857] multiqc                                            [INFO   ]  Searching 'PCF_06/res4/PCF_06/qualimap'
[2020-07-13 21:15:02,857] multiqc                                            [INFO   ]  Searching 'PCF_07/res4/PCF_07/qualimap'
[2020-07-13 21:15:02,857] multiqc                                            [INFO   ]  Searching 'BSF_01/res4/BSF_01/featureCounts'
[2020-07-13 21:15:02,858] multiqc                                            [INFO   ]  Searching 'BSF_03/res4/BSF_03/featureCounts'
[2020-07-13 21:15:02,858] multiqc                                            [INFO   ]  Searching 'BSF_04/res4/BSF_04/featureCounts'
[2020-07-13 21:15:02,858] multiqc                                            [INFO   ]  Searching 'BSF_05/res4/BSF_05/featureCounts'
[2020-07-13 21:15:02,858] multiqc                                            [INFO   ]  Searching 'BSF_06/res4/BSF_06/featureCounts'
[2020-07-13 21:15:02,858] multiqc                                            [INFO   ]  Searching 'BSF_07/res4/BSF_07/featureCounts'
[2020-07-13 21:15:02,858] multiqc                                            [INFO   ]  Searching 'BSF_08/res4/BSF_08/featureCounts'
[2020-07-13 21:15:02,858] multiqc                                            [INFO   ]  Searching 'PCF_01/res4/PCF_01/featureCounts'
[2020-07-13 21:15:02,858] multiqc                                            [INFO   ]  Searching 'PCF_02/res4/PCF_02/featureCounts'
[2020-07-13 21:15:02,858] multiqc                                            [INFO   ]  Searching 'PCF_03/res4/PCF_03/featureCounts'
[2020-07-13 21:15:02,858] multiqc                                            [INFO   ]  Searching 'PCF_04/res4/PCF_04/featureCounts'
[2020-07-13 21:15:02,858] multiqc                                            [INFO   ]  Searching 'PCF_05/res4/PCF_05/featureCounts'
[2020-07-13 21:15:02,859] multiqc                                            [INFO   ]  Searching 'PCF_06/res4/PCF_06/featureCounts'
[2020-07-13 21:15:02,859] multiqc                                            [INFO   ]  Searching 'PCF_07/res4/PCF_07/featureCounts'
[2020-07-13 21:15:02,859] multiqc                                            [INFO   ]  Searching 'BSF_01/res4/BSF_01/bowtie'
[2020-07-13 21:15:02,859] multiqc                                            [INFO   ]  Searching 'BSF_03/res4/BSF_03/bowtie'
[2020-07-13 21:15:02,859] multiqc                                            [INFO   ]  Searching 'BSF_04/res4/BSF_04/bowtie'
[2020-07-13 21:15:02,859] multiqc                                            [INFO   ]  Searching 'BSF_05/res4/BSF_05/bowtie'
[2020-07-13 21:15:02,859] multiqc                                            [INFO   ]  Searching 'BSF_06/res4/BSF_06/bowtie'
[2020-07-13 21:15:02,859] multiqc                                            [INFO   ]  Searching 'BSF_07/res4/BSF_07/bowtie'
[2020-07-13 21:15:02,859] multiqc                                            [INFO   ]  Searching 'BSF_08/res4/BSF_08/bowtie'
[2020-07-13 21:15:02,860] multiqc                                            [INFO   ]  Searching 'PCF_01/res4/PCF_01/bowtie'
[2020-07-13 21:15:02,860] multiqc                                            [INFO   ]  Searching 'PCF_02/res4/PCF_02/bowtie'
[2020-07-13 21:15:02,860] multiqc                                            [INFO   ]  Searching 'PCF_03/res4/PCF_03/bowtie'
[2020-07-13 21:15:02,860] multiqc                                            [INFO   ]  Searching 'PCF_04/res4/PCF_04/bowtie'
[2020-07-13 21:15:02,860] multiqc                                            [INFO   ]  Searching 'PCF_05/res4/PCF_05/bowtie'
[2020-07-13 21:15:02,860] multiqc                                            [INFO   ]  Searching 'PCF_06/res4/PCF_06/bowtie'
[2020-07-13 21:15:02,860] multiqc                                            [INFO   ]  Searching 'PCF_07/res4/PCF_07/bowtie'
[2020-07-13 21:15:02,860] multiqc                                            [INFO   ]  Searching 'BSF_01/res4/BSF_01/markduplicates'
[2020-07-13 21:15:02,860] multiqc                                            [INFO   ]  Searching 'BSF_03/res4/BSF_03/markduplicates'
[2020-07-13 21:15:02,860] multiqc                                            [INFO   ]  Searching 'BSF_04/res4/BSF_04/markduplicates'
[2020-07-13 21:15:02,860] multiqc                                            [INFO   ]  Searching 'BSF_05/res4/BSF_05/markduplicates'
[2020-07-13 21:15:02,861] multiqc                                            [INFO   ]  Searching 'BSF_06/res4/BSF_06/markduplicates'
[2020-07-13 21:15:02,861] multiqc                                            [INFO   ]  Searching 'BSF_07/res4/BSF_07/markduplicates'
[2020-07-13 21:15:02,861] multiqc                                            [INFO   ]  Searching 'BSF_08/res4/BSF_08/markduplicates'
[2020-07-13 21:15:02,861] multiqc                                            [INFO   ]  Searching 'PCF_01/res4/PCF_01/markduplicates'
[2020-07-13 21:15:02,861] multiqc                                            [INFO   ]  Searching 'PCF_02/res4/PCF_02/markduplicates'
[2020-07-13 21:15:02,861] multiqc                                            [INFO   ]  Searching 'PCF_03/res4/PCF_03/markduplicates'
[2020-07-13 21:15:02,861] multiqc                                            [INFO   ]  Searching 'PCF_04/res4/PCF_04/markduplicates'
[2020-07-13 21:15:02,861] multiqc                                            [INFO   ]  Searching 'PCF_05/res4/PCF_05/markduplicates'
[2020-07-13 21:15:02,861] multiqc                                            [INFO   ]  Searching 'PCF_06/res4/PCF_06/markduplicates'
[2020-07-13 21:15:02,861] multiqc                                            [INFO   ]  Searching 'PCF_07/res4/PCF_07/markduplicates'
[2020-07-13 21:15:02,862] multiqc                                            [INFO   ]  Searching 'BSF_01/res4/BSF_01/fastqs'
[2020-07-13 21:15:02,862] multiqc                                            [INFO   ]  Searching 'BSF_03/res4/BSF_03/fastqs'
[2020-07-13 21:15:02,862] multiqc                                            [INFO   ]  Searching 'BSF_04/res4/BSF_04/fastqs'
[2020-07-13 21:15:02,862] multiqc                                            [INFO   ]  Searching 'BSF_05/res4/BSF_05/fastqs'
[2020-07-13 21:15:02,862] multiqc                                            [INFO   ]  Searching 'BSF_06/res4/BSF_06/fastqs'
[2020-07-13 21:15:02,862] multiqc                                            [INFO   ]  Searching 'BSF_07/res4/BSF_07/fastqs'
[2020-07-13 21:15:02,862] multiqc                                            [INFO   ]  Searching 'BSF_08/res4/BSF_08/fastqs'
[2020-07-13 21:15:02,862] multiqc                                            [INFO   ]  Searching 'PCF_01/res4/PCF_01/fastqs'
[2020-07-13 21:15:02,862] multiqc                                            [INFO   ]  Searching 'PCF_02/res4/PCF_02/fastqs'
[2020-07-13 21:15:02,862] multiqc                                            [INFO   ]  Searching 'PCF_03/res4/PCF_03/fastqs'
[2020-07-13 21:15:02,862] multiqc                                            [INFO   ]  Searching 'PCF_04/res4/PCF_04/fastqs'
[2020-07-13 21:15:02,863] multiqc                                            [INFO   ]  Searching 'PCF_05/res4/PCF_05/fastqs'
[2020-07-13 21:15:02,863] multiqc                                            [INFO   ]  Searching 'PCF_06/res4/PCF_06/fastqs'
[2020-07-13 21:15:02,863] multiqc                                            [INFO   ]  Searching 'PCF_07/res4/PCF_07/fastqs'
[2020-07-13 21:15:02,864] multiqc                                            [DEBUG  ]  Analysing modules: fastp, bowtie2, picard, fastq_screen, custom_content, conpair, peddy, methylQA, phantompeakqualtools, qualimap, preseq, quast, qorts, rna_seqc, rsem, rseqc, busco, goleft_indexcov, disambiguate, supernova, deeptools, sargasso, verifybamid, mirtrace, happy, homer, macs2, theta2, snpeff, gatk, htseq, bcftools, featureCounts, dedup, damageprofiler, prokka, samblaster, samtools, bamtools, jellyfish, vcftools, longranger, stacks, bbmap, bismark, biscuit, hicexplorer, hicup, hicpro, salmon, kallisto, slamdunk, star, hisat2, tophat, bowtie1, kat, leehom, adapterRemoval, clipandmerge, cutadapt, flexbar, trimmomatic, skewer, sortmerna, biobloomtools, afterqc, fastqc, minionqc, clusterflow, bcl2fastq, interop, flash
[2020-07-13 21:15:02,864] multiqc                                            [DEBUG  ]  Using temporary directory for creating report: /tmp/993.1.all.q/tmptrqgcb0k
[2020-07-13 21:15:03,078] multiqc                                            [DEBUG  ]  Ignoring file as matched an ignore pattern: fastp_BSF_01_.html
[2020-07-13 21:15:03,078] multiqc                                            [DEBUG  ]  Ignoring file as matched an ignore pattern: fastp_BSF_03_.html
[2020-07-13 21:15:03,079] multiqc                                            [DEBUG  ]  Ignoring file as matched an ignore pattern: fastp_BSF_04_.html
[2020-07-13 21:15:03,079] multiqc                                            [DEBUG  ]  Ignoring file as matched an ignore pattern: fastp_BSF_05_.html
[2020-07-13 21:15:03,080] multiqc                                            [DEBUG  ]  Ignoring file as matched an ignore pattern: fastp_BSF_06_.html
[2020-07-13 21:15:03,081] multiqc                                            [DEBUG  ]  Ignoring file as matched an ignore pattern: fastp_BSF_07_.html
[2020-07-13 21:15:03,082] multiqc                                            [DEBUG  ]  Ignoring file as matched an ignore pattern: fastp_BSF_08_.html
[2020-07-13 21:15:03,082] multiqc                                            [DEBUG  ]  Ignoring file as matched an ignore pattern: fastp_PCF_01_.html
[2020-07-13 21:15:03,083] multiqc                                            [DEBUG  ]  Ignoring file as matched an ignore pattern: fastp_PCF_02_.html
[2020-07-13 21:15:03,083] multiqc                                            [DEBUG  ]  Ignoring file as matched an ignore pattern: fastp_PCF_03_.html
[2020-07-13 21:15:03,084] multiqc                                            [DEBUG  ]  Ignoring file as matched an ignore pattern: fastp_PCF_04_.html
[2020-07-13 21:15:03,086] multiqc                                            [DEBUG  ]  Ignoring file as matched an ignore pattern: fastp_PCF_05_.html
[2020-07-13 21:15:03,086] multiqc                                            [DEBUG  ]  Ignoring file as matched an ignore pattern: fastp_PCF_06_.html
[2020-07-13 21:15:03,087] multiqc                                            [DEBUG  ]  Ignoring file as matched an ignore pattern: fastp_PCF_07_.html
[2020-07-13 21:15:03,087] multiqc                                            [DEBUG  ]  Ignoring file as matched an ignore pattern: qualimapReport.html
[2020-07-13 21:15:03,894] multiqc                                            [DEBUG  ]  Ignoring file as matched an ignore pattern: qualimapReport.html
[2020-07-13 21:15:04,485] multiqc                                            [DEBUG  ]  Ignoring file as matched an ignore pattern: qualimapReport.html
[2020-07-13 21:15:05,010] multiqc                                            [DEBUG  ]  Ignoring file as matched an ignore pattern: qualimapReport.html
[2020-07-13 21:15:05,509] multiqc                                            [DEBUG  ]  Ignoring file as matched an ignore pattern: qualimapReport.html
[2020-07-13 21:15:05,995] multiqc                                            [DEBUG  ]  Ignoring file as matched an ignore pattern: qualimapReport.html
[2020-07-13 21:15:06,474] multiqc                                            [DEBUG  ]  Ignoring file as matched an ignore pattern: qualimapReport.html
[2020-07-13 21:15:06,954] multiqc                                            [DEBUG  ]  Ignoring file as matched an ignore pattern: qualimapReport.html
[2020-07-13 21:15:07,432] multiqc                                            [DEBUG  ]  Ignoring file as matched an ignore pattern: qualimapReport.html
[2020-07-13 21:15:07,914] multiqc                                            [DEBUG  ]  Ignoring file as matched an ignore pattern: qualimapReport.html
[2020-07-13 21:15:08,391] multiqc                                            [DEBUG  ]  Ignoring file as matched an ignore pattern: qualimapReport.html
[2020-07-13 21:15:08,869] multiqc                                            [DEBUG  ]  Ignoring file as matched an ignore pattern: qualimapReport.html
[2020-07-13 21:15:09,341] multiqc                                            [DEBUG  ]  Ignoring file as matched an ignore pattern: qualimapReport.html
[2020-07-13 21:15:09,887] multiqc                                            [DEBUG  ]  Ignoring file as matched an ignore pattern: qualimapReport.html
[2020-07-13 21:15:11,506] multiqc                                            [DEBUG  ]  Ignoring file as matched an ignore pattern: BSF_01_.sorted_unmap_all_1.tagged_filter.fastq.gz
[2020-07-13 21:15:11,506] multiqc                                            [DEBUG  ]  Ignoring file as matched an ignore pattern: BSF_01_.sorted_unmap_all_2.tagged_filter.fastq.gz
[2020-07-13 21:15:11,507] multiqc                                            [DEBUG  ]  Ignoring file as matched an ignore pattern: BSF_01_.sorted_unmap_all_1_screen.html
[2020-07-13 21:15:11,508] multiqc                                            [DEBUG  ]  Ignoring file as matched an ignore pattern: BSF_01_.sorted_unmap_all_2_screen.html
[2020-07-13 21:15:11,510] multiqc                                            [DEBUG  ]  Ignoring file as matched an ignore pattern: BSF_03_.sorted_unmap_all_2.tagged_filter.fastq.gz
[2020-07-13 21:15:11,512] multiqc                                            [DEBUG  ]  Ignoring file as matched an ignore pattern: BSF_03_.sorted_unmap_all_2_screen.html
[2020-07-13 21:15:11,512] multiqc                                            [DEBUG  ]  Ignoring file as matched an ignore pattern: BSF_03_.sorted_unmap_all_1.tagged_filter.fastq.gz
[2020-07-13 21:15:11,513] multiqc                                            [DEBUG  ]  Ignoring file as matched an ignore pattern: BSF_03_.sorted_unmap_all_1_screen.html
[2020-07-13 21:15:11,514] multiqc                                            [DEBUG  ]  Ignoring file as matched an ignore pattern: BSF_04_.sorted_unmap_all_1_screen.html
[2020-07-13 21:15:11,514] multiqc                                            [DEBUG  ]  Ignoring file as matched an ignore pattern: BSF_04_.sorted_unmap_all_1.tagged_filter.fastq.gz
[2020-07-13 21:15:11,516] multiqc                                            [DEBUG  ]  Ignoring file as matched an ignore pattern: BSF_04_.sorted_unmap_all_2.tagged_filter.fastq.gz
[2020-07-13 21:15:11,518] multiqc                                            [DEBUG  ]  Ignoring file as matched an ignore pattern: BSF_04_.sorted_unmap_all_2_screen.html
[2020-07-13 21:15:11,518] multiqc                                            [DEBUG  ]  Ignoring file as matched an ignore pattern: BSF_05_.sorted_unmap_all_2_screen.html
[2020-07-13 21:15:11,520] multiqc                                            [DEBUG  ]  Ignoring file as matched an ignore pattern: BSF_05_.sorted_unmap_all_1.tagged_filter.fastq.gz
[2020-07-13 21:15:11,521] multiqc                                            [DEBUG  ]  Ignoring file as matched an ignore pattern: BSF_05_.sorted_unmap_all_2.tagged_filter.fastq.gz
[2020-07-13 21:15:11,522] multiqc                                            [DEBUG  ]  Ignoring file as matched an ignore pattern: BSF_05_.sorted_unmap_all_1_screen.html
[2020-07-13 21:15:11,524] multiqc                                            [DEBUG  ]  Ignoring file as matched an ignore pattern: BSF_06_.sorted_unmap_all_1_screen.html
[2020-07-13 21:15:11,524] multiqc                                            [DEBUG  ]  Ignoring file as matched an ignore pattern: BSF_06_.sorted_unmap_all_2.tagged_filter.fastq.gz
[2020-07-13 21:15:11,526] multiqc                                            [DEBUG  ]  Ignoring file as matched an ignore pattern: BSF_06_.sorted_unmap_all_2_screen.html
[2020-07-13 21:15:11,526] multiqc                                            [DEBUG  ]  Ignoring file as matched an ignore pattern: BSF_06_.sorted_unmap_all_1.tagged_filter.fastq.gz
[2020-07-13 21:15:11,527] multiqc                                            [DEBUG  ]  Ignoring file as matched an ignore pattern: BSF_07_.sorted_unmap_all_1.tagged_filter.fastq.gz
[2020-07-13 21:15:11,529] multiqc                                            [DEBUG  ]  Ignoring file as matched an ignore pattern: BSF_07_.sorted_unmap_all_1_screen.html
[2020-07-13 21:15:11,529] multiqc                                            [DEBUG  ]  Ignoring file as matched an ignore pattern: BSF_07_.sorted_unmap_all_2.tagged_filter.fastq.gz
[2020-07-13 21:15:11,529] multiqc                                            [DEBUG  ]  Ignoring file as matched an ignore pattern: BSF_07_.sorted_unmap_all_2_screen.html
[2020-07-13 21:15:11,530] multiqc                                            [DEBUG  ]  Ignoring file as matched an ignore pattern: BSF_08_.sorted_unmap_all_1.tagged_filter.fastq.gz
[2020-07-13 21:15:11,530] multiqc                                            [DEBUG  ]  Ignoring file as matched an ignore pattern: BSF_08_.sorted_unmap_all_2.tagged_filter.fastq.gz
[2020-07-13 21:15:11,530] multiqc                                            [DEBUG  ]  Ignoring file as matched an ignore pattern: BSF_08_.sorted_unmap_all_2_screen.html
[2020-07-13 21:15:11,530] multiqc                                            [DEBUG  ]  Ignoring file as matched an ignore pattern: BSF_08_.sorted_unmap_all_1_screen.html
[2020-07-13 21:15:11,534] multiqc                                            [DEBUG  ]  Ignoring file as matched an ignore pattern: PCF_01_.sorted_unmap_all_2_screen.html
[2020-07-13 21:15:11,534] multiqc                                            [DEBUG  ]  Ignoring file as matched an ignore pattern: PCF_01_.sorted_unmap_all_2.tagged_filter.fastq.gz
[2020-07-13 21:15:11,535] multiqc                                            [DEBUG  ]  Ignoring file as matched an ignore pattern: PCF_01_.sorted_unmap_all_1.tagged_filter.fastq.gz
[2020-07-13 21:15:11,537] multiqc                                            [DEBUG  ]  Ignoring file as matched an ignore pattern: PCF_01_.sorted_unmap_all_1_screen.html
[2020-07-13 21:15:11,539] multiqc                                            [DEBUG  ]  Ignoring file as matched an ignore pattern: PCF_02_.sorted_unmap_all_1_screen.html
[2020-07-13 21:15:11,539] multiqc                                            [DEBUG  ]  Ignoring file as matched an ignore pattern: PCF_02_.sorted_unmap_all_1.tagged_filter.fastq.gz
[2020-07-13 21:15:11,539] multiqc                                            [DEBUG  ]  Ignoring file as matched an ignore pattern: PCF_02_.sorted_unmap_all_2_screen.html
[2020-07-13 21:15:11,541] multiqc                                            [DEBUG  ]  Ignoring file as matched an ignore pattern: PCF_02_.sorted_unmap_all_2.tagged_filter.fastq.gz
[2020-07-13 21:15:11,543] multiqc                                            [DEBUG  ]  Ignoring file as matched an ignore pattern: PCF_03_.sorted_unmap_all_1_screen.html
[2020-07-13 21:15:11,545] multiqc                                            [DEBUG  ]  Ignoring file as matched an ignore pattern: PCF_03_.sorted_unmap_all_1.tagged_filter.fastq.gz
[2020-07-13 21:15:11,545] multiqc                                            [DEBUG  ]  Ignoring file as matched an ignore pattern: PCF_03_.sorted_unmap_all_2.tagged_filter.fastq.gz
[2020-07-13 21:15:11,545] multiqc                                            [DEBUG  ]  Ignoring file as matched an ignore pattern: PCF_03_.sorted_unmap_all_2_screen.html
[2020-07-13 21:15:11,545] multiqc                                            [DEBUG  ]  Ignoring file as matched an ignore pattern: PCF_04_.sorted_unmap_all_1_screen.html
[2020-07-13 21:15:11,547] multiqc                                            [DEBUG  ]  Ignoring file as matched an ignore pattern: PCF_04_.sorted_unmap_all_2.tagged_filter.fastq.gz
[2020-07-13 21:15:11,548] multiqc                                            [DEBUG  ]  Ignoring file as matched an ignore pattern: PCF_04_.sorted_unmap_all_2_screen.html
[2020-07-13 21:15:11,549] multiqc                                            [DEBUG  ]  Ignoring file as matched an ignore pattern: PCF_04_.sorted_unmap_all_1.tagged_filter.fastq.gz
[2020-07-13 21:15:11,552] multiqc                                            [DEBUG  ]  Ignoring file as matched an ignore pattern: PCF_05_.sorted_unmap_all_1.tagged_filter.fastq.gz
[2020-07-13 21:15:11,552] multiqc                                            [DEBUG  ]  Ignoring file as matched an ignore pattern: PCF_05_.sorted_unmap_all_2.tagged_filter.fastq.gz
[2020-07-13 21:15:11,553] multiqc                                            [DEBUG  ]  Ignoring file as matched an ignore pattern: PCF_05_.sorted_unmap_all_1_screen.html
[2020-07-13 21:15:11,553] multiqc                                            [DEBUG  ]  Ignoring file as matched an ignore pattern: PCF_05_.sorted_unmap_all_2_screen.html
[2020-07-13 21:15:11,554] multiqc                                            [DEBUG  ]  Ignoring file as matched an ignore pattern: PCF_06_.sorted_unmap_all_2_screen.html
[2020-07-13 21:15:11,554] multiqc                                            [DEBUG  ]  Ignoring file as matched an ignore pattern: PCF_06_.sorted_unmap_all_1.tagged_filter.fastq.gz
[2020-07-13 21:15:11,556] multiqc                                            [DEBUG  ]  Ignoring file as matched an ignore pattern: PCF_06_.sorted_unmap_all_1_screen.html
[2020-07-13 21:15:11,556] multiqc                                            [DEBUG  ]  Ignoring file as matched an ignore pattern: PCF_06_.sorted_unmap_all_2.tagged_filter.fastq.gz
[2020-07-13 21:15:11,557] multiqc                                            [DEBUG  ]  Ignoring file as matched an ignore pattern: PCF_07_.sorted_unmap_all_1_screen.html
[2020-07-13 21:15:11,557] multiqc                                            [DEBUG  ]  Ignoring file as matched an ignore pattern: PCF_07_.sorted_unmap_all_2.tagged_filter.fastq.gz
[2020-07-13 21:15:11,557] multiqc                                            [DEBUG  ]  Ignoring file as matched an ignore pattern: PCF_07_.sorted_unmap_all_2_screen.html
[2020-07-13 21:15:11,557] multiqc                                            [DEBUG  ]  Ignoring file as matched an ignore pattern: PCF_07_.sorted_unmap_all_1.tagged_filter.fastq.gz
[2020-07-13 21:15:12,179] multiqc.modules.fastp.fastp                        [INFO   ]  Found 14 reports
[2020-07-13 21:15:12,229] multiqc.modules.bowtie2.bowtie2                    [INFO   ]  Found 14 reports
[2020-07-13 21:15:12,251] multiqc.modules.picard.picard                      [INFO   ]  Found 14 MarkDuplicates reports
[2020-07-13 21:15:12,257] multiqc.modules.fastq_screen.fastq_screen          [DEBUG  ]  Duplicate sample name found! Overwriting: BSF_01
[2020-07-13 21:15:12,258] multiqc.modules.fastq_screen.fastq_screen          [DEBUG  ]  Duplicate sample name found! Overwriting: BSF_03
[2020-07-13 21:15:12,260] multiqc.modules.fastq_screen.fastq_screen          [DEBUG  ]  Duplicate sample name found! Overwriting: BSF_04
[2020-07-13 21:15:12,261] multiqc.modules.fastq_screen.fastq_screen          [DEBUG  ]  Duplicate sample name found! Overwriting: BSF_05
[2020-07-13 21:15:12,262] multiqc.modules.fastq_screen.fastq_screen          [DEBUG  ]  Duplicate sample name found! Overwriting: BSF_06
[2020-07-13 21:15:12,264] multiqc.modules.fastq_screen.fastq_screen          [DEBUG  ]  Duplicate sample name found! Overwriting: BSF_07
[2020-07-13 21:15:12,265] multiqc.modules.fastq_screen.fastq_screen          [DEBUG  ]  Duplicate sample name found! Overwriting: BSF_08
[2020-07-13 21:15:12,267] multiqc.modules.fastq_screen.fastq_screen          [DEBUG  ]  Duplicate sample name found! Overwriting: PCF_01
[2020-07-13 21:15:12,268] multiqc.modules.fastq_screen.fastq_screen          [DEBUG  ]  Duplicate sample name found! Overwriting: PCF_02
[2020-07-13 21:15:12,270] multiqc.modules.fastq_screen.fastq_screen          [DEBUG  ]  Duplicate sample name found! Overwriting: PCF_03
[2020-07-13 21:15:12,271] multiqc.modules.fastq_screen.fastq_screen          [DEBUG  ]  Duplicate sample name found! Overwriting: PCF_04
[2020-07-13 21:15:12,272] multiqc.modules.fastq_screen.fastq_screen          [DEBUG  ]  Duplicate sample name found! Overwriting: PCF_05
[2020-07-13 21:15:12,274] multiqc.modules.fastq_screen.fastq_screen          [DEBUG  ]  Duplicate sample name found! Overwriting: PCF_06
[2020-07-13 21:15:12,276] multiqc.modules.fastq_screen.fastq_screen          [DEBUG  ]  Duplicate sample name found! Overwriting: PCF_07
[2020-07-13 21:15:12,276] multiqc.modules.fastq_screen.fastq_screen          [INFO   ]  Found 14 reports
[2020-07-13 21:15:12,284] multiqc                                            [DEBUG  ]  No samples found: custom_content
[2020-07-13 21:15:12,288] multiqc                                            [DEBUG  ]  No samples found: conpair
[2020-07-13 21:15:12,292] multiqc                                            [DEBUG  ]  No samples found: peddy
[2020-07-13 21:15:12,296] multiqc                                            [DEBUG  ]  No samples found: methylQA
[2020-07-13 21:15:12,299] multiqc                                            [DEBUG  ]  No samples found: phantompeakqualtools
[2020-07-13 21:15:12,514] multiqc.modules.qualimap.QM_BamQC                  [DEBUG  ]  Using default Qualimap thresholds: 1, 5, 10, 30, 50
[2020-07-13 21:15:12,713] multiqc.modules.qualimap.qualimap                  [INFO   ]  Found 14 BamQC reports
[2020-07-13 21:15:12,739] multiqc.modules.qualimap.qualimap                  [INFO   ]  Found 14 RNASeq reports
[2020-07-13 21:15:12,742] multiqc                                            [DEBUG  ]  No samples found: preseq
[2020-07-13 21:15:12,746] multiqc                                            [DEBUG  ]  No samples found: quast
[2020-07-13 21:15:12,749] multiqc                                            [DEBUG  ]  No samples found: qorts
[2020-07-13 21:15:12,753] multiqc                                            [DEBUG  ]  No samples found: rna_seqc
[2020-07-13 21:15:12,756] multiqc                                            [DEBUG  ]  No samples found: rsem
[2020-07-13 21:15:12,763] multiqc                                            [DEBUG  ]  No samples found: rseqc
[2020-07-13 21:15:12,766] multiqc                                            [DEBUG  ]  No samples found: busco
[2020-07-13 21:15:12,770] multiqc                                            [DEBUG  ]  No samples found: goleft_indexcov
[2020-07-13 21:15:12,773] multiqc                                            [DEBUG  ]  No samples found: disambiguate
[2020-07-13 21:15:12,777] multiqc                                            [DEBUG  ]  No samples found: supernova
[2020-07-13 21:15:12,784] multiqc                                            [DEBUG  ]  No samples found: deeptools
[2020-07-13 21:15:12,787] multiqc                                            [DEBUG  ]  No samples found: sargasso
[2020-07-13 21:15:12,791] multiqc                                            [DEBUG  ]  No samples found: verifybamid
[2020-07-13 21:15:12,794] multiqc                                            [DEBUG  ]  No samples found: mirtrace
[2020-07-13 21:15:12,797] multiqc                                            [DEBUG  ]  No samples found: happy
[2020-07-13 21:15:12,802] multiqc                                            [DEBUG  ]  No samples found: homer
[2020-07-13 21:15:12,805] multiqc                                            [DEBUG  ]  No samples found: macs2
[2020-07-13 21:15:12,808] multiqc                                            [DEBUG  ]  No samples found: theta2
[2020-07-13 21:15:12,812] multiqc                                            [DEBUG  ]  No samples found: snpeff
[2020-07-13 21:15:12,816] multiqc                                            [DEBUG  ]  No samples found: gatk
[2020-07-13 21:15:12,820] multiqc                                            [DEBUG  ]  No samples found: htseq
[2020-07-13 21:15:12,824] multiqc                                            [DEBUG  ]  No samples found: bcftools
[2020-07-13 21:15:12,833] multiqc.modules.featureCounts.feature_counts       [INFO   ]  Found 14 reports
[2020-07-13 21:15:12,837] multiqc                                            [DEBUG  ]  No samples found: dedup
[2020-07-13 21:15:12,840] multiqc                                            [DEBUG  ]  No samples found: damageprofiler
[2020-07-13 21:15:12,844] multiqc                                            [DEBUG  ]  No samples found: prokka
[2020-07-13 21:15:12,847] multiqc                                            [DEBUG  ]  No samples found: samblaster
[2020-07-13 21:15:12,852] multiqc                                            [DEBUG  ]  No samples found: samtools
[2020-07-13 21:15:12,856] multiqc                                            [DEBUG  ]  No samples found: bamtools
[2020-07-13 21:15:12,860] multiqc                                            [DEBUG  ]  No samples found: jellyfish
[2020-07-13 21:15:12,865] multiqc                                            [DEBUG  ]  No samples found: vcftools
[2020-07-13 21:15:12,868] multiqc                                            [DEBUG  ]  No samples found: longranger
[2020-07-13 21:15:12,871] multiqc                                            [DEBUG  ]  No samples found: stacks
[2020-07-13 21:15:12,879] multiqc                                            [DEBUG  ]  No samples found: bbmap
[2020-07-13 21:15:12,883] multiqc                                            [DEBUG  ]  No samples found: bismark
[2020-07-13 21:15:12,886] multiqc                                            [DEBUG  ]  No samples found: biscuit
[2020-07-13 21:15:12,890] multiqc                                            [DEBUG  ]  No samples found: hicexplorer
[2020-07-13 21:15:12,893] multiqc                                            [DEBUG  ]  No samples found: hicup
[2020-07-13 21:15:12,897] multiqc                                            [DEBUG  ]  No samples found: hicpro
[2020-07-13 21:15:12,900] multiqc                                            [DEBUG  ]  No samples found: salmon
[2020-07-13 21:15:12,903] multiqc                                            [DEBUG  ]  No samples found: kallisto
[2020-07-13 21:15:12,907] multiqc                                            [DEBUG  ]  No samples found: slamdunk
[2020-07-13 21:15:12,911] multiqc                                            [DEBUG  ]  No samples found: star
[2020-07-13 21:15:12,914] multiqc                                            [DEBUG  ]  No samples found: hisat2
[2020-07-13 21:15:12,917] multiqc                                            [DEBUG  ]  No samples found: tophat
[2020-07-13 21:15:12,921] multiqc                                            [DEBUG  ]  No samples found: bowtie1
[2020-07-13 21:15:12,924] multiqc                                            [DEBUG  ]  No samples found: kat
[2020-07-13 21:15:12,927] multiqc                                            [DEBUG  ]  No samples found: leehom
[2020-07-13 21:15:12,931] multiqc                                            [DEBUG  ]  No samples found: adapterRemoval
[2020-07-13 21:15:12,934] multiqc                                            [DEBUG  ]  No samples found: clipandmerge
[2020-07-13 21:15:12,938] multiqc                                            [DEBUG  ]  No samples found: cutadapt
[2020-07-13 21:15:12,941] multiqc                                            [DEBUG  ]  No samples found: flexbar
[2020-07-13 21:15:12,945] multiqc                                            [DEBUG  ]  No samples found: trimmomatic
[2020-07-13 21:15:12,948] multiqc                                            [DEBUG  ]  No samples found: skewer
[2020-07-13 21:15:12,952] multiqc                                            [DEBUG  ]  No samples found: sortmerna
[2020-07-13 21:15:12,955] multiqc                                            [DEBUG  ]  No samples found: biobloomtools
[2020-07-13 21:15:12,958] multiqc                                            [DEBUG  ]  No samples found: afterqc
[2020-07-13 21:15:12,962] multiqc                                            [DEBUG  ]  No samples found: fastqc
[2020-07-13 21:15:12,965] multiqc                                            [DEBUG  ]  No samples found: minionqc
[2020-07-13 21:15:12,969] multiqc                                            [DEBUG  ]  No samples found: clusterflow
[2020-07-13 21:15:12,972] multiqc                                            [DEBUG  ]  No samples found: bcl2fastq
[2020-07-13 21:15:12,976] multiqc                                            [DEBUG  ]  No samples found: interop
[2020-07-13 21:15:12,979] multiqc                                            [DEBUG  ]  No samples found: flash
[2020-07-13 21:15:13,089] multiqc                                            [INFO   ]  Compressing plot data
[2020-07-13 21:15:14,896] multiqc                                            [WARNING]  Deleting    : UTR_mqc/report4.html   (-f was specified)
[2020-07-13 21:15:14,900] multiqc                                            [WARNING]  Deleting    : UTR_mqc/report4_data   (-f was specified)
[2020-07-13 21:15:14,917] multiqc                                            [INFO   ]  Report      : UTR_mqc/report4.html
[2020-07-13 21:15:14,917] multiqc                                            [INFO   ]  Data        : UTR_mqc/report4_data
[2020-07-13 21:15:14,918] multiqc                                            [DEBUG  ]  Moving data file from '/tmp/993.1.all.q/tmptrqgcb0k/multiqc_data/multiqc_fastp.txt' to '/cluster/majf_lab/mtinti/UTR/UTR_mqc/report4_data'
[2020-07-13 21:15:14,919] multiqc                                            [DEBUG  ]  Moving data file from '/tmp/993.1.all.q/tmptrqgcb0k/multiqc_data/multiqc_bowtie2.txt' to '/cluster/majf_lab/mtinti/UTR/UTR_mqc/report4_data'
[2020-07-13 21:15:14,919] multiqc                                            [DEBUG  ]  Moving data file from '/tmp/993.1.all.q/tmptrqgcb0k/multiqc_data/multiqc_picard_dups.txt' to '/cluster/majf_lab/mtinti/UTR/UTR_mqc/report4_data'
[2020-07-13 21:15:14,920] multiqc                                            [DEBUG  ]  Moving data file from '/tmp/993.1.all.q/tmptrqgcb0k/multiqc_data/multiqc_fastq_screen.txt' to '/cluster/majf_lab/mtinti/UTR/UTR_mqc/report4_data'
[2020-07-13 21:15:14,920] multiqc                                            [DEBUG  ]  Moving data file from '/tmp/993.1.all.q/tmptrqgcb0k/multiqc_data/multiqc_featureCounts.txt' to '/cluster/majf_lab/mtinti/UTR/UTR_mqc/report4_data'
[2020-07-13 21:15:14,921] multiqc                                            [DEBUG  ]  Moving data file from '/tmp/993.1.all.q/tmptrqgcb0k/multiqc_data/multiqc_general_stats.txt' to '/cluster/majf_lab/mtinti/UTR/UTR_mqc/report4_data'
[2020-07-13 21:15:14,922] multiqc                                            [DEBUG  ]  Moving data file from '/tmp/993.1.all.q/tmptrqgcb0k/multiqc_data/multiqc_sources.txt' to '/cluster/majf_lab/mtinti/UTR/UTR_mqc/report4_data'
[2020-07-13 21:15:14,922] multiqc                                            [DEBUG  ]  Moving data file from '/tmp/993.1.all.q/tmptrqgcb0k/multiqc_data/multiqc_data.json' to '/cluster/majf_lab/mtinti/UTR/UTR_mqc/report4_data'
[2020-07-13 21:15:15,049] multiqc                                            [INFO   ]  MultiQC complete
