[2020-07-12 17:05:43,936] multiqc                                            [DEBUG  ]  No MultiQC config found: /cluster/home/mtinti/miniconda3/envs/ritSeq/lib/python3.7/site-packages/multiqc_config.yaml
[2020-07-12 17:05:43,936] multiqc                                            [DEBUG  ]  No MultiQC config found: /homes/mtinti/.multiqc_config.yaml
[2020-07-12 17:05:43,939] multiqc                                            [DEBUG  ]  Loading config settings from: multiqc_config.yaml
[2020-07-12 17:05:43,939] multiqc                                            [DEBUG  ]  New config 'title': Polysome RNA-seq
[2020-07-12 17:05:43,939] multiqc                                            [DEBUG  ]  Added to filename clean extensions: ['_1.fastq.gz', '_sorted.bam']
[2020-07-12 17:05:43,939] multiqc                                            [DEBUG  ]  New config 'data_dir_name': UTR_mqc/report_data3
[2020-07-12 17:05:43,939] multiqc                                            [DEBUG  ]  New config 'output_fn_name': UTR_mqc/report3.html
[2020-07-12 17:05:43,939] multiqc                                            [DEBUG  ]  New config 'fastp': {'fn': '*__fastp.json'}
[2020-07-12 17:05:43,939] multiqc                                            [DEBUG  ]  New config 'top_modules': ['generalstats', 'fastp', 'bowtie2', 'bamqc', 'picard', 'featurecounts', 'fastq_screen']
[2020-07-12 17:05:43,942] multiqc                                            [DEBUG  ]  Loading config settings from: multiqc_config.yaml
[2020-07-12 17:05:43,942] multiqc                                            [DEBUG  ]  New config 'title': Polysome RNA-seq
[2020-07-12 17:05:43,942] multiqc                                            [DEBUG  ]  Added to filename clean extensions: ['_1.fastq.gz', '_sorted.bam']
[2020-07-12 17:05:43,942] multiqc                                            [DEBUG  ]  New config 'data_dir_name': UTR_mqc/report_data3
[2020-07-12 17:05:43,942] multiqc                                            [DEBUG  ]  New config 'output_fn_name': UTR_mqc/report3.html
[2020-07-12 17:05:43,942] multiqc                                            [DEBUG  ]  New config 'fastp': {'fn': '*__fastp.json'}
[2020-07-12 17:05:43,942] multiqc                                            [DEBUG  ]  New config 'top_modules': ['generalstats', 'fastp', 'bowtie2', 'bamqc', 'picard', 'featurecounts', 'fastq_screen']
[2020-07-12 17:05:43,942] multiqc                                            [DEBUG  ]  Command used: /homes/mtinti/miniconda3/envs/ritSeq/bin/multiqc BSF_01/res3/BSF_01/fastp BSF_03/res3/BSF_03/fastp BSF_04/res3/BSF_04/fastp BSF_05/res3/BSF_05/fastp BSF_06/res3/BSF_06/fastp BSF_07/res3/BSF_07/fastp BSF_08/res3/BSF_08/fastp PCF_01/res3/PCF_01/fastp PCF_02/res3/PCF_02/fastp PCF_03/res3/PCF_03/fastp PCF_04/res3/PCF_04/fastp PCF_06/res3/PCF_06/fastp PCF_07/res3/PCF_07/fastp BSF_01/res3/BSF_01/qualimap BSF_03/res3/BSF_03/qualimap BSF_04/res3/BSF_04/qualimap BSF_05/res3/BSF_05/qualimap BSF_06/res3/BSF_06/qualimap BSF_07/res3/BSF_07/qualimap BSF_08/res3/BSF_08/qualimap PCF_01/res3/PCF_01/qualimap PCF_02/res3/PCF_02/qualimap PCF_03/res3/PCF_03/qualimap PCF_04/res3/PCF_04/qualimap PCF_06/res3/PCF_06/qualimap PCF_07/res3/PCF_07/qualimap BSF_01/res3/BSF_01/featureCounts BSF_03/res3/BSF_03/featureCounts BSF_04/res3/BSF_04/featureCounts BSF_05/res3/BSF_05/featureCounts BSF_06/res3/BSF_06/featureCounts BSF_07/res3/BSF_07/featureCounts BSF_08/res3/BSF_08/featureCounts PCF_01/res3/PCF_01/featureCounts PCF_02/res3/PCF_02/featureCounts PCF_03/res3/PCF_03/featureCounts PCF_04/res3/PCF_04/featureCounts PCF_06/res3/PCF_06/featureCounts PCF_07/res3/PCF_07/featureCounts BSF_01/res3/BSF_01/bowtie BSF_03/res3/BSF_03/bowtie BSF_04/res3/BSF_04/bowtie BSF_05/res3/BSF_05/bowtie BSF_06/res3/BSF_06/bowtie BSF_07/res3/BSF_07/bowtie BSF_08/res3/BSF_08/bowtie PCF_01/res3/PCF_01/bowtie PCF_02/res3/PCF_02/bowtie PCF_03/res3/PCF_03/bowtie PCF_04/res3/PCF_04/bowtie PCF_06/res3/PCF_06/bowtie PCF_07/res3/PCF_07/bowtie BSF_01/res3/BSF_01/markduplicates BSF_03/res3/BSF_03/markduplicates BSF_04/res3/BSF_04/markduplicates BSF_05/res3/BSF_05/markduplicates BSF_06/res3/BSF_06/markduplicates BSF_07/res3/BSF_07/markduplicates BSF_08/res3/BSF_08/markduplicates PCF_01/res3/PCF_01/markduplicates PCF_02/res3/PCF_02/markduplicates PCF_03/res3/PCF_03/markduplicates PCF_04/res3/PCF_04/markduplicates PCF_06/res3/PCF_06/markduplicates PCF_07/res3/PCF_07/markduplicates BSF_01/res3/BSF_01/fastqs BSF_03/res3/BSF_03/fastqs BSF_04/res3/BSF_04/fastqs BSF_05/res3/BSF_05/fastqs BSF_06/res3/BSF_06/fastqs BSF_07/res3/BSF_07/fastqs BSF_08/res3/BSF_08/fastqs PCF_01/res3/PCF_01/fastqs PCF_02/res3/PCF_02/fastqs PCF_03/res3/PCF_03/fastqs PCF_04/res3/PCF_04/fastqs PCF_06/res3/PCF_06/fastqs PCF_07/res3/PCF_07/fastqs --config multiqc_config.yaml -f
[2020-07-12 17:05:44,403] multiqc                                            [WARNING]  MultiQC Version v1.9 now available!
[2020-07-12 17:05:44,403] multiqc                                            [INFO   ]  This is MultiQC v1.7
[2020-07-12 17:05:44,403] multiqc                                            [DEBUG  ]  Command     : /homes/mtinti/miniconda3/envs/ritSeq/bin/multiqc BSF_01/res3/BSF_01/fastp BSF_03/res3/BSF_03/fastp BSF_04/res3/BSF_04/fastp BSF_05/res3/BSF_05/fastp BSF_06/res3/BSF_06/fastp BSF_07/res3/BSF_07/fastp BSF_08/res3/BSF_08/fastp PCF_01/res3/PCF_01/fastp PCF_02/res3/PCF_02/fastp PCF_03/res3/PCF_03/fastp PCF_04/res3/PCF_04/fastp PCF_06/res3/PCF_06/fastp PCF_07/res3/PCF_07/fastp BSF_01/res3/BSF_01/qualimap BSF_03/res3/BSF_03/qualimap BSF_04/res3/BSF_04/qualimap BSF_05/res3/BSF_05/qualimap BSF_06/res3/BSF_06/qualimap BSF_07/res3/BSF_07/qualimap BSF_08/res3/BSF_08/qualimap PCF_01/res3/PCF_01/qualimap PCF_02/res3/PCF_02/qualimap PCF_03/res3/PCF_03/qualimap PCF_04/res3/PCF_04/qualimap PCF_06/res3/PCF_06/qualimap PCF_07/res3/PCF_07/qualimap BSF_01/res3/BSF_01/featureCounts BSF_03/res3/BSF_03/featureCounts BSF_04/res3/BSF_04/featureCounts BSF_05/res3/BSF_05/featureCounts BSF_06/res3/BSF_06/featureCounts BSF_07/res3/BSF_07/featureCounts BSF_08/res3/BSF_08/featureCounts PCF_01/res3/PCF_01/featureCounts PCF_02/res3/PCF_02/featureCounts PCF_03/res3/PCF_03/featureCounts PCF_04/res3/PCF_04/featureCounts PCF_06/res3/PCF_06/featureCounts PCF_07/res3/PCF_07/featureCounts BSF_01/res3/BSF_01/bowtie BSF_03/res3/BSF_03/bowtie BSF_04/res3/BSF_04/bowtie BSF_05/res3/BSF_05/bowtie BSF_06/res3/BSF_06/bowtie BSF_07/res3/BSF_07/bowtie BSF_08/res3/BSF_08/bowtie PCF_01/res3/PCF_01/bowtie PCF_02/res3/PCF_02/bowtie PCF_03/res3/PCF_03/bowtie PCF_04/res3/PCF_04/bowtie PCF_06/res3/PCF_06/bowtie PCF_07/res3/PCF_07/bowtie BSF_01/res3/BSF_01/markduplicates BSF_03/res3/BSF_03/markduplicates BSF_04/res3/BSF_04/markduplicates BSF_05/res3/BSF_05/markduplicates BSF_06/res3/BSF_06/markduplicates BSF_07/res3/BSF_07/markduplicates BSF_08/res3/BSF_08/markduplicates PCF_01/res3/PCF_01/markduplicates PCF_02/res3/PCF_02/markduplicates PCF_03/res3/PCF_03/markduplicates PCF_04/res3/PCF_04/markduplicates PCF_06/res3/PCF_06/markduplicates PCF_07/res3/PCF_07/markduplicates BSF_01/res3/BSF_01/fastqs BSF_03/res3/BSF_03/fastqs BSF_04/res3/BSF_04/fastqs BSF_05/res3/BSF_05/fastqs BSF_06/res3/BSF_06/fastqs BSF_07/res3/BSF_07/fastqs BSF_08/res3/BSF_08/fastqs PCF_01/res3/PCF_01/fastqs PCF_02/res3/PCF_02/fastqs PCF_03/res3/PCF_03/fastqs PCF_04/res3/PCF_04/fastqs PCF_06/res3/PCF_06/fastqs PCF_07/res3/PCF_07/fastqs --config multiqc_config.yaml -f
[2020-07-12 17:05:44,403] multiqc                                            [DEBUG  ]  Working dir : /cluster/majf_lab/mtinti/UTR
[2020-07-12 17:05:44,404] multiqc                                            [INFO   ]  Template    : default
[2020-07-12 17:05:44,404] multiqc                                            [INFO   ]  Report title: Polysome RNA-seq
[2020-07-12 17:05:44,404] multiqc                                            [INFO   ]  Searching 'BSF_01/res3/BSF_01/fastp'
[2020-07-12 17:05:44,404] multiqc                                            [INFO   ]  Searching 'BSF_03/res3/BSF_03/fastp'
[2020-07-12 17:05:44,404] multiqc                                            [INFO   ]  Searching 'BSF_04/res3/BSF_04/fastp'
[2020-07-12 17:05:44,404] multiqc                                            [INFO   ]  Searching 'BSF_05/res3/BSF_05/fastp'
[2020-07-12 17:05:44,404] multiqc                                            [INFO   ]  Searching 'BSF_06/res3/BSF_06/fastp'
[2020-07-12 17:05:44,404] multiqc                                            [INFO   ]  Searching 'BSF_07/res3/BSF_07/fastp'
[2020-07-12 17:05:44,404] multiqc                                            [INFO   ]  Searching 'BSF_08/res3/BSF_08/fastp'
[2020-07-12 17:05:44,404] multiqc                                            [INFO   ]  Searching 'PCF_01/res3/PCF_01/fastp'
[2020-07-12 17:05:44,404] multiqc                                            [INFO   ]  Searching 'PCF_02/res3/PCF_02/fastp'
[2020-07-12 17:05:44,404] multiqc                                            [INFO   ]  Searching 'PCF_03/res3/PCF_03/fastp'
[2020-07-12 17:05:44,404] multiqc                                            [INFO   ]  Searching 'PCF_04/res3/PCF_04/fastp'
[2020-07-12 17:05:44,404] multiqc                                            [INFO   ]  Searching 'PCF_06/res3/PCF_06/fastp'
[2020-07-12 17:05:44,404] multiqc                                            [INFO   ]  Searching 'PCF_07/res3/PCF_07/fastp'
[2020-07-12 17:05:44,404] multiqc                                            [INFO   ]  Searching 'BSF_01/res3/BSF_01/qualimap'
[2020-07-12 17:05:44,404] multiqc                                            [INFO   ]  Searching 'BSF_03/res3/BSF_03/qualimap'
[2020-07-12 17:05:44,404] multiqc                                            [INFO   ]  Searching 'BSF_04/res3/BSF_04/qualimap'
[2020-07-12 17:05:44,404] multiqc                                            [INFO   ]  Searching 'BSF_05/res3/BSF_05/qualimap'
[2020-07-12 17:05:44,404] multiqc                                            [INFO   ]  Searching 'BSF_06/res3/BSF_06/qualimap'
[2020-07-12 17:05:44,404] multiqc                                            [INFO   ]  Searching 'BSF_07/res3/BSF_07/qualimap'
[2020-07-12 17:05:44,405] multiqc                                            [INFO   ]  Searching 'BSF_08/res3/BSF_08/qualimap'
[2020-07-12 17:05:44,405] multiqc                                            [INFO   ]  Searching 'PCF_01/res3/PCF_01/qualimap'
[2020-07-12 17:05:44,405] multiqc                                            [INFO   ]  Searching 'PCF_02/res3/PCF_02/qualimap'
[2020-07-12 17:05:44,405] multiqc                                            [INFO   ]  Searching 'PCF_03/res3/PCF_03/qualimap'
[2020-07-12 17:05:44,405] multiqc                                            [INFO   ]  Searching 'PCF_04/res3/PCF_04/qualimap'
[2020-07-12 17:05:44,405] multiqc                                            [INFO   ]  Searching 'PCF_06/res3/PCF_06/qualimap'
[2020-07-12 17:05:44,405] multiqc                                            [INFO   ]  Searching 'PCF_07/res3/PCF_07/qualimap'
[2020-07-12 17:05:44,405] multiqc                                            [INFO   ]  Searching 'BSF_01/res3/BSF_01/featureCounts'
[2020-07-12 17:05:44,405] multiqc                                            [INFO   ]  Searching 'BSF_03/res3/BSF_03/featureCounts'
[2020-07-12 17:05:44,405] multiqc                                            [INFO   ]  Searching 'BSF_04/res3/BSF_04/featureCounts'
[2020-07-12 17:05:44,405] multiqc                                            [INFO   ]  Searching 'BSF_05/res3/BSF_05/featureCounts'
[2020-07-12 17:05:44,405] multiqc                                            [INFO   ]  Searching 'BSF_06/res3/BSF_06/featureCounts'
[2020-07-12 17:05:44,405] multiqc                                            [INFO   ]  Searching 'BSF_07/res3/BSF_07/featureCounts'
[2020-07-12 17:05:44,405] multiqc                                            [INFO   ]  Searching 'BSF_08/res3/BSF_08/featureCounts'
[2020-07-12 17:05:44,405] multiqc                                            [INFO   ]  Searching 'PCF_01/res3/PCF_01/featureCounts'
[2020-07-12 17:05:44,405] multiqc                                            [INFO   ]  Searching 'PCF_02/res3/PCF_02/featureCounts'
[2020-07-12 17:05:44,405] multiqc                                            [INFO   ]  Searching 'PCF_03/res3/PCF_03/featureCounts'
[2020-07-12 17:05:44,405] multiqc                                            [INFO   ]  Searching 'PCF_04/res3/PCF_04/featureCounts'
[2020-07-12 17:05:44,405] multiqc                                            [INFO   ]  Searching 'PCF_06/res3/PCF_06/featureCounts'
[2020-07-12 17:05:44,405] multiqc                                            [INFO   ]  Searching 'PCF_07/res3/PCF_07/featureCounts'
[2020-07-12 17:05:44,405] multiqc                                            [INFO   ]  Searching 'BSF_01/res3/BSF_01/bowtie'
[2020-07-12 17:05:44,405] multiqc                                            [INFO   ]  Searching 'BSF_03/res3/BSF_03/bowtie'
[2020-07-12 17:05:44,405] multiqc                                            [INFO   ]  Searching 'BSF_04/res3/BSF_04/bowtie'
[2020-07-12 17:05:44,406] multiqc                                            [INFO   ]  Searching 'BSF_05/res3/BSF_05/bowtie'
[2020-07-12 17:05:44,406] multiqc                                            [INFO   ]  Searching 'BSF_06/res3/BSF_06/bowtie'
[2020-07-12 17:05:44,406] multiqc                                            [INFO   ]  Searching 'BSF_07/res3/BSF_07/bowtie'
[2020-07-12 17:05:44,406] multiqc                                            [INFO   ]  Searching 'BSF_08/res3/BSF_08/bowtie'
[2020-07-12 17:05:44,406] multiqc                                            [INFO   ]  Searching 'PCF_01/res3/PCF_01/bowtie'
[2020-07-12 17:05:44,406] multiqc                                            [INFO   ]  Searching 'PCF_02/res3/PCF_02/bowtie'
[2020-07-12 17:05:44,406] multiqc                                            [INFO   ]  Searching 'PCF_03/res3/PCF_03/bowtie'
[2020-07-12 17:05:44,406] multiqc                                            [INFO   ]  Searching 'PCF_04/res3/PCF_04/bowtie'
[2020-07-12 17:05:44,406] multiqc                                            [INFO   ]  Searching 'PCF_06/res3/PCF_06/bowtie'
[2020-07-12 17:05:44,406] multiqc                                            [INFO   ]  Searching 'PCF_07/res3/PCF_07/bowtie'
[2020-07-12 17:05:44,406] multiqc                                            [INFO   ]  Searching 'BSF_01/res3/BSF_01/markduplicates'
[2020-07-12 17:05:44,406] multiqc                                            [INFO   ]  Searching 'BSF_03/res3/BSF_03/markduplicates'
[2020-07-12 17:05:44,406] multiqc                                            [INFO   ]  Searching 'BSF_04/res3/BSF_04/markduplicates'
[2020-07-12 17:05:44,406] multiqc                                            [INFO   ]  Searching 'BSF_05/res3/BSF_05/markduplicates'
[2020-07-12 17:05:44,406] multiqc                                            [INFO   ]  Searching 'BSF_06/res3/BSF_06/markduplicates'
[2020-07-12 17:05:44,406] multiqc                                            [INFO   ]  Searching 'BSF_07/res3/BSF_07/markduplicates'
[2020-07-12 17:05:44,406] multiqc                                            [INFO   ]  Searching 'BSF_08/res3/BSF_08/markduplicates'
[2020-07-12 17:05:44,406] multiqc                                            [INFO   ]  Searching 'PCF_01/res3/PCF_01/markduplicates'
[2020-07-12 17:05:44,406] multiqc                                            [INFO   ]  Searching 'PCF_02/res3/PCF_02/markduplicates'
[2020-07-12 17:05:44,406] multiqc                                            [INFO   ]  Searching 'PCF_03/res3/PCF_03/markduplicates'
[2020-07-12 17:05:44,406] multiqc                                            [INFO   ]  Searching 'PCF_04/res3/PCF_04/markduplicates'
[2020-07-12 17:05:44,406] multiqc                                            [INFO   ]  Searching 'PCF_06/res3/PCF_06/markduplicates'
[2020-07-12 17:05:44,406] multiqc                                            [INFO   ]  Searching 'PCF_07/res3/PCF_07/markduplicates'
[2020-07-12 17:05:44,407] multiqc                                            [INFO   ]  Searching 'BSF_01/res3/BSF_01/fastqs'
[2020-07-12 17:05:44,407] multiqc                                            [INFO   ]  Searching 'BSF_03/res3/BSF_03/fastqs'
[2020-07-12 17:05:44,407] multiqc                                            [INFO   ]  Searching 'BSF_04/res3/BSF_04/fastqs'
[2020-07-12 17:05:44,407] multiqc                                            [INFO   ]  Searching 'BSF_05/res3/BSF_05/fastqs'
[2020-07-12 17:05:44,407] multiqc                                            [INFO   ]  Searching 'BSF_06/res3/BSF_06/fastqs'
[2020-07-12 17:05:44,407] multiqc                                            [INFO   ]  Searching 'BSF_07/res3/BSF_07/fastqs'
[2020-07-12 17:05:44,407] multiqc                                            [INFO   ]  Searching 'BSF_08/res3/BSF_08/fastqs'
[2020-07-12 17:05:44,407] multiqc                                            [INFO   ]  Searching 'PCF_01/res3/PCF_01/fastqs'
[2020-07-12 17:05:44,407] multiqc                                            [INFO   ]  Searching 'PCF_02/res3/PCF_02/fastqs'
[2020-07-12 17:05:44,407] multiqc                                            [INFO   ]  Searching 'PCF_03/res3/PCF_03/fastqs'
[2020-07-12 17:05:44,407] multiqc                                            [INFO   ]  Searching 'PCF_04/res3/PCF_04/fastqs'
[2020-07-12 17:05:44,407] multiqc                                            [INFO   ]  Searching 'PCF_06/res3/PCF_06/fastqs'
[2020-07-12 17:05:44,407] multiqc                                            [INFO   ]  Searching 'PCF_07/res3/PCF_07/fastqs'
[2020-07-12 17:05:44,408] multiqc                                            [DEBUG  ]  Analysing modules: fastp, bowtie2, picard, fastq_screen, custom_content, conpair, peddy, methylQA, phantompeakqualtools, qualimap, preseq, quast, qorts, rna_seqc, rsem, rseqc, busco, goleft_indexcov, disambiguate, supernova, deeptools, sargasso, verifybamid, mirtrace, happy, homer, macs2, theta2, snpeff, gatk, htseq, bcftools, featureCounts, dedup, damageprofiler, prokka, samblaster, samtools, bamtools, jellyfish, vcftools, longranger, stacks, bbmap, bismark, biscuit, hicexplorer, hicup, hicpro, salmon, kallisto, slamdunk, star, hisat2, tophat, bowtie1, kat, leehom, adapterRemoval, clipandmerge, cutadapt, flexbar, trimmomatic, skewer, sortmerna, biobloomtools, afterqc, fastqc, minionqc, clusterflow, bcl2fastq, interop, flash
[2020-07-12 17:05:44,408] multiqc                                            [DEBUG  ]  Using temporary directory for creating report: /tmp/993.1.all.q/tmph3ufu0ki
[2020-07-12 17:05:44,699] multiqc                                            [DEBUG  ]  Ignoring file as matched an ignore pattern: fastp_BSF_01_.html
[2020-07-12 17:05:44,702] multiqc                                            [DEBUG  ]  Ignoring file as matched an ignore pattern: fastp_BSF_03_.html
[2020-07-12 17:05:44,705] multiqc                                            [DEBUG  ]  Ignoring file as matched an ignore pattern: fastp_BSF_04_.html
[2020-07-12 17:05:44,707] multiqc                                            [DEBUG  ]  Ignoring file as matched an ignore pattern: fastp_BSF_05_.html
[2020-07-12 17:05:44,712] multiqc                                            [DEBUG  ]  Ignoring file as matched an ignore pattern: fastp_BSF_06_.html
[2020-07-12 17:05:44,721] multiqc                                            [DEBUG  ]  Ignoring file as matched an ignore pattern: fastp_BSF_07_.html
[2020-07-12 17:05:44,726] multiqc                                            [DEBUG  ]  Ignoring file as matched an ignore pattern: fastp_BSF_08_.html
[2020-07-12 17:05:44,728] multiqc                                            [DEBUG  ]  Ignoring file as matched an ignore pattern: fastp_PCF_01_.html
[2020-07-12 17:05:44,735] multiqc                                            [DEBUG  ]  Ignoring file as matched an ignore pattern: fastp_PCF_02_.html
[2020-07-12 17:05:44,735] multiqc                                            [DEBUG  ]  Ignoring file as matched an ignore pattern: fastp_PCF_03_.html
[2020-07-12 17:05:44,736] multiqc                                            [DEBUG  ]  Ignoring file as matched an ignore pattern: fastp_PCF_04_.html
[2020-07-12 17:05:44,741] multiqc                                            [DEBUG  ]  Ignoring file as matched an ignore pattern: fastp_PCF_06_.html
[2020-07-12 17:05:44,745] multiqc                                            [DEBUG  ]  Ignoring file as matched an ignore pattern: fastp_PCF_07_.html
[2020-07-12 17:05:44,746] multiqc                                            [DEBUG  ]  Ignoring file as matched an ignore pattern: qualimapReport.html
[2020-07-12 17:05:45,586] multiqc                                            [DEBUG  ]  Ignoring file as matched an ignore pattern: qualimapReport.html
[2020-07-12 17:05:46,206] multiqc                                            [DEBUG  ]  Ignoring file as matched an ignore pattern: qualimapReport.html
[2020-07-12 17:05:46,606] multiqc                                            [DEBUG  ]  Ignoring file as matched an ignore pattern: qualimapReport.html
[2020-07-12 17:05:47,181] multiqc                                            [DEBUG  ]  Ignoring file as matched an ignore pattern: qualimapReport.html
[2020-07-12 17:05:48,068] multiqc                                            [DEBUG  ]  Ignoring file as matched an ignore pattern: qualimapReport.html
[2020-07-12 17:05:48,862] multiqc                                            [DEBUG  ]  Ignoring file as matched an ignore pattern: qualimapReport.html
[2020-07-12 17:05:49,475] multiqc                                            [DEBUG  ]  Ignoring file as matched an ignore pattern: qualimapReport.html
[2020-07-12 17:05:50,012] multiqc                                            [DEBUG  ]  Ignoring file as matched an ignore pattern: qualimapReport.html
[2020-07-12 17:05:50,894] multiqc                                            [DEBUG  ]  Ignoring file as matched an ignore pattern: qualimapReport.html
[2020-07-12 17:05:51,427] multiqc                                            [DEBUG  ]  Ignoring file as matched an ignore pattern: qualimapReport.html
[2020-07-12 17:05:51,867] multiqc                                            [DEBUG  ]  Ignoring file as matched an ignore pattern: qualimapReport.html
[2020-07-12 17:05:52,417] multiqc                                            [DEBUG  ]  Ignoring file as matched an ignore pattern: qualimapReport.html
[2020-07-12 17:05:53,540] multiqc                                            [DEBUG  ]  Ignoring file as matched an ignore pattern: BSF_01_.sorted_unmap_all_1.tagged_filter.fastq.gz
[2020-07-12 17:05:53,541] multiqc                                            [DEBUG  ]  Ignoring file as matched an ignore pattern: BSF_01_.sorted_unmap_all_2.tagged_filter.fastq.gz
[2020-07-12 17:05:53,544] multiqc                                            [DEBUG  ]  Ignoring file as matched an ignore pattern: BSF_01_.sorted_unmap_all_1_screen.html
[2020-07-12 17:05:53,552] multiqc                                            [DEBUG  ]  Ignoring file as matched an ignore pattern: BSF_01_.sorted_unmap_all_2_screen.html
[2020-07-12 17:05:53,559] multiqc                                            [DEBUG  ]  Ignoring file as matched an ignore pattern: BSF_03_.sorted_unmap_all_2.tagged_filter.fastq.gz
[2020-07-12 17:05:53,565] multiqc                                            [DEBUG  ]  Ignoring file as matched an ignore pattern: BSF_03_.sorted_unmap_all_2_screen.html
[2020-07-12 17:05:53,567] multiqc                                            [DEBUG  ]  Ignoring file as matched an ignore pattern: BSF_03_.sorted_unmap_all_1.tagged_filter.fastq.gz
[2020-07-12 17:05:53,573] multiqc                                            [DEBUG  ]  Ignoring file as matched an ignore pattern: BSF_03_.sorted_unmap_all_1_screen.html
[2020-07-12 17:05:53,577] multiqc                                            [DEBUG  ]  Ignoring file as matched an ignore pattern: BSF_04_.sorted_unmap_all_1_screen.html
[2020-07-12 17:05:53,577] multiqc                                            [DEBUG  ]  Ignoring file as matched an ignore pattern: BSF_04_.sorted_unmap_all_1.tagged_filter.fastq.gz
[2020-07-12 17:05:53,579] multiqc                                            [DEBUG  ]  Ignoring file as matched an ignore pattern: BSF_04_.sorted_unmap_all_2.tagged_filter.fastq.gz
[2020-07-12 17:05:53,580] multiqc                                            [DEBUG  ]  Ignoring file as matched an ignore pattern: BSF_04_.sorted_unmap_all_2_screen.html
[2020-07-12 17:05:53,582] multiqc                                            [DEBUG  ]  Ignoring file as matched an ignore pattern: BSF_05_.sorted_unmap_all_2_screen.html
[2020-07-12 17:05:53,590] multiqc                                            [DEBUG  ]  Ignoring file as matched an ignore pattern: BSF_05_.sorted_unmap_all_1.tagged_filter.fastq.gz
[2020-07-12 17:05:53,596] multiqc                                            [DEBUG  ]  Ignoring file as matched an ignore pattern: BSF_05_.sorted_unmap_all_2.tagged_filter.fastq.gz
[2020-07-12 17:05:53,598] multiqc                                            [DEBUG  ]  Ignoring file as matched an ignore pattern: BSF_05_.sorted_unmap_all_1_screen.html
[2020-07-12 17:05:53,608] multiqc                                            [DEBUG  ]  Ignoring file as matched an ignore pattern: BSF_06_.sorted_unmap_all_1_screen.html
[2020-07-12 17:05:53,613] multiqc                                            [DEBUG  ]  Ignoring file as matched an ignore pattern: BSF_06_.sorted_unmap_all_2.tagged_filter.fastq.gz
[2020-07-12 17:05:53,618] multiqc                                            [DEBUG  ]  Ignoring file as matched an ignore pattern: BSF_06_.sorted_unmap_all_2_screen.html
[2020-07-12 17:05:53,620] multiqc                                            [DEBUG  ]  Ignoring file as matched an ignore pattern: BSF_06_.sorted_unmap_all_1.tagged_filter.fastq.gz
[2020-07-12 17:05:53,625] multiqc                                            [DEBUG  ]  Ignoring file as matched an ignore pattern: BSF_07_.sorted_unmap_all_1.tagged_filter.fastq.gz
[2020-07-12 17:05:53,635] multiqc                                            [DEBUG  ]  Ignoring file as matched an ignore pattern: BSF_07_.sorted_unmap_all_1_screen.html
[2020-07-12 17:05:53,637] multiqc                                            [DEBUG  ]  Ignoring file as matched an ignore pattern: BSF_07_.sorted_unmap_all_2.tagged_filter.fastq.gz
[2020-07-12 17:05:53,638] multiqc                                            [DEBUG  ]  Ignoring file as matched an ignore pattern: BSF_07_.sorted_unmap_all_2_screen.html
[2020-07-12 17:05:53,645] multiqc                                            [DEBUG  ]  Ignoring file as matched an ignore pattern: BSF_08_.sorted_unmap_all_1.tagged_filter.fastq.gz
[2020-07-12 17:05:53,647] multiqc                                            [DEBUG  ]  Ignoring file as matched an ignore pattern: BSF_08_.sorted_unmap_all_2.tagged_filter.fastq.gz
[2020-07-12 17:05:53,649] multiqc                                            [DEBUG  ]  Ignoring file as matched an ignore pattern: BSF_08_.sorted_unmap_all_2_screen.html
[2020-07-12 17:05:53,651] multiqc                                            [DEBUG  ]  Ignoring file as matched an ignore pattern: BSF_08_.sorted_unmap_all_1_screen.html
[2020-07-12 17:05:53,662] multiqc                                            [DEBUG  ]  Ignoring file as matched an ignore pattern: PCF_01_.sorted_unmap_all_2_screen.html
[2020-07-12 17:05:53,664] multiqc                                            [DEBUG  ]  Ignoring file as matched an ignore pattern: PCF_01_.sorted_unmap_all_2.tagged_filter.fastq.gz
[2020-07-12 17:05:53,669] multiqc                                            [DEBUG  ]  Ignoring file as matched an ignore pattern: PCF_01_.sorted_unmap_all_1.tagged_filter.fastq.gz
[2020-07-12 17:05:53,677] multiqc                                            [DEBUG  ]  Ignoring file as matched an ignore pattern: PCF_01_.sorted_unmap_all_1_screen.html
[2020-07-12 17:05:53,684] multiqc                                            [DEBUG  ]  Ignoring file as matched an ignore pattern: PCF_02_.sorted_unmap_all_1_screen.html
[2020-07-12 17:05:53,685] multiqc                                            [DEBUG  ]  Ignoring file as matched an ignore pattern: PCF_02_.sorted_unmap_all_1.tagged_filter.fastq.gz
[2020-07-12 17:05:53,688] multiqc                                            [DEBUG  ]  Ignoring file as matched an ignore pattern: PCF_02_.sorted_unmap_all_2_screen.html
[2020-07-12 17:05:53,695] multiqc                                            [DEBUG  ]  Ignoring file as matched an ignore pattern: PCF_02_.sorted_unmap_all_2.tagged_filter.fastq.gz
[2020-07-12 17:05:53,697] multiqc                                            [DEBUG  ]  Ignoring file as matched an ignore pattern: PCF_03_.sorted_unmap_all_1_screen.html
[2020-07-12 17:05:53,699] multiqc                                            [DEBUG  ]  Ignoring file as matched an ignore pattern: PCF_03_.sorted_unmap_all_1.tagged_filter.fastq.gz
[2020-07-12 17:05:53,699] multiqc                                            [DEBUG  ]  Ignoring file as matched an ignore pattern: PCF_03_.sorted_unmap_all_2.tagged_filter.fastq.gz
[2020-07-12 17:05:53,699] multiqc                                            [DEBUG  ]  Ignoring file as matched an ignore pattern: PCF_03_.sorted_unmap_all_2_screen.html
[2020-07-12 17:05:53,700] multiqc                                            [DEBUG  ]  Ignoring file as matched an ignore pattern: PCF_04_.sorted_unmap_all_1_screen.html
[2020-07-12 17:05:53,701] multiqc                                            [DEBUG  ]  Ignoring file as matched an ignore pattern: PCF_04_.sorted_unmap_all_2.tagged_filter.fastq.gz
[2020-07-12 17:05:53,703] multiqc                                            [DEBUG  ]  Ignoring file as matched an ignore pattern: PCF_04_.sorted_unmap_all_2_screen.html
[2020-07-12 17:05:53,703] multiqc                                            [DEBUG  ]  Ignoring file as matched an ignore pattern: PCF_04_.sorted_unmap_all_1.tagged_filter.fastq.gz
[2020-07-12 17:05:53,709] multiqc                                            [DEBUG  ]  Ignoring file as matched an ignore pattern: PCF_06_.sorted_unmap_all_2_screen.html
[2020-07-12 17:05:53,711] multiqc                                            [DEBUG  ]  Ignoring file as matched an ignore pattern: PCF_06_.sorted_unmap_all_1.tagged_filter.fastq.gz
[2020-07-12 17:05:53,716] multiqc                                            [DEBUG  ]  Ignoring file as matched an ignore pattern: PCF_06_.sorted_unmap_all_1_screen.html
[2020-07-12 17:05:53,721] multiqc                                            [DEBUG  ]  Ignoring file as matched an ignore pattern: PCF_06_.sorted_unmap_all_2.tagged_filter.fastq.gz
[2020-07-12 17:05:53,725] multiqc                                            [DEBUG  ]  Ignoring file as matched an ignore pattern: PCF_07_.sorted_unmap_all_1_screen.html
[2020-07-12 17:05:53,728] multiqc                                            [DEBUG  ]  Ignoring file as matched an ignore pattern: PCF_07_.sorted_unmap_all_2.tagged_filter.fastq.gz
[2020-07-12 17:05:53,730] multiqc                                            [DEBUG  ]  Ignoring file as matched an ignore pattern: PCF_07_.sorted_unmap_all_2_screen.html
[2020-07-12 17:05:53,734] multiqc                                            [DEBUG  ]  Ignoring file as matched an ignore pattern: PCF_07_.sorted_unmap_all_1.tagged_filter.fastq.gz
[2020-07-12 17:05:54,320] multiqc.modules.fastp.fastp                        [INFO   ]  Found 13 reports
[2020-07-12 17:05:54,372] multiqc.modules.bowtie2.bowtie2                    [INFO   ]  Found 13 reports
[2020-07-12 17:05:54,394] multiqc.modules.picard.picard                      [INFO   ]  Found 13 MarkDuplicates reports
[2020-07-12 17:05:54,405] multiqc.modules.fastq_screen.fastq_screen          [DEBUG  ]  Duplicate sample name found! Overwriting: BSF_01
[2020-07-12 17:05:54,411] multiqc.modules.fastq_screen.fastq_screen          [DEBUG  ]  Duplicate sample name found! Overwriting: BSF_03
[2020-07-12 17:05:54,413] multiqc.modules.fastq_screen.fastq_screen          [DEBUG  ]  Duplicate sample name found! Overwriting: BSF_04
[2020-07-12 17:05:54,418] multiqc.modules.fastq_screen.fastq_screen          [DEBUG  ]  Duplicate sample name found! Overwriting: BSF_05
[2020-07-12 17:05:54,424] multiqc.modules.fastq_screen.fastq_screen          [DEBUG  ]  Duplicate sample name found! Overwriting: BSF_06
[2020-07-12 17:05:54,430] multiqc.modules.fastq_screen.fastq_screen          [DEBUG  ]  Duplicate sample name found! Overwriting: BSF_07
[2020-07-12 17:05:54,436] multiqc.modules.fastq_screen.fastq_screen          [DEBUG  ]  Duplicate sample name found! Overwriting: BSF_08
[2020-07-12 17:05:54,442] multiqc.modules.fastq_screen.fastq_screen          [DEBUG  ]  Duplicate sample name found! Overwriting: PCF_01
[2020-07-12 17:05:54,448] multiqc.modules.fastq_screen.fastq_screen          [DEBUG  ]  Duplicate sample name found! Overwriting: PCF_02
[2020-07-12 17:05:54,450] multiqc.modules.fastq_screen.fastq_screen          [DEBUG  ]  Duplicate sample name found! Overwriting: PCF_03
[2020-07-12 17:05:54,452] multiqc.modules.fastq_screen.fastq_screen          [DEBUG  ]  Duplicate sample name found! Overwriting: PCF_04
[2020-07-12 17:05:54,457] multiqc.modules.fastq_screen.fastq_screen          [DEBUG  ]  Duplicate sample name found! Overwriting: PCF_06
[2020-07-12 17:05:54,463] multiqc.modules.fastq_screen.fastq_screen          [DEBUG  ]  Duplicate sample name found! Overwriting: PCF_07
[2020-07-12 17:05:54,463] multiqc.modules.fastq_screen.fastq_screen          [INFO   ]  Found 13 reports
[2020-07-12 17:05:54,472] multiqc                                            [DEBUG  ]  No samples found: custom_content
[2020-07-12 17:05:54,476] multiqc                                            [DEBUG  ]  No samples found: conpair
[2020-07-12 17:05:54,481] multiqc                                            [DEBUG  ]  No samples found: peddy
[2020-07-12 17:05:54,485] multiqc                                            [DEBUG  ]  No samples found: methylQA
[2020-07-12 17:05:54,489] multiqc                                            [DEBUG  ]  No samples found: phantompeakqualtools
[2020-07-12 17:05:55,292] multiqc.modules.qualimap.QM_BamQC                  [DEBUG  ]  Using default Qualimap thresholds: 1, 5, 10, 30, 50
[2020-07-12 17:05:55,844] multiqc.modules.qualimap.qualimap                  [INFO   ]  Found 13 BamQC reports
[2020-07-12 17:05:55,919] multiqc.modules.qualimap.qualimap                  [INFO   ]  Found 13 RNASeq reports
[2020-07-12 17:05:55,924] multiqc                                            [DEBUG  ]  No samples found: preseq
[2020-07-12 17:05:55,928] multiqc                                            [DEBUG  ]  No samples found: quast
[2020-07-12 17:05:55,933] multiqc                                            [DEBUG  ]  No samples found: qorts
[2020-07-12 17:05:55,937] multiqc                                            [DEBUG  ]  No samples found: rna_seqc
[2020-07-12 17:05:55,941] multiqc                                            [DEBUG  ]  No samples found: rsem
[2020-07-12 17:05:55,950] multiqc                                            [DEBUG  ]  No samples found: rseqc
[2020-07-12 17:05:55,954] multiqc                                            [DEBUG  ]  No samples found: busco
[2020-07-12 17:05:55,958] multiqc                                            [DEBUG  ]  No samples found: goleft_indexcov
[2020-07-12 17:05:55,962] multiqc                                            [DEBUG  ]  No samples found: disambiguate
[2020-07-12 17:05:55,967] multiqc                                            [DEBUG  ]  No samples found: supernova
[2020-07-12 17:05:55,975] multiqc                                            [DEBUG  ]  No samples found: deeptools
[2020-07-12 17:05:55,980] multiqc                                            [DEBUG  ]  No samples found: sargasso
[2020-07-12 17:05:55,984] multiqc                                            [DEBUG  ]  No samples found: verifybamid
[2020-07-12 17:05:55,988] multiqc                                            [DEBUG  ]  No samples found: mirtrace
[2020-07-12 17:05:55,993] multiqc                                            [DEBUG  ]  No samples found: happy
[2020-07-12 17:05:55,998] multiqc                                            [DEBUG  ]  No samples found: homer
[2020-07-12 17:05:56,002] multiqc                                            [DEBUG  ]  No samples found: macs2
[2020-07-12 17:05:56,007] multiqc                                            [DEBUG  ]  No samples found: theta2
[2020-07-12 17:05:56,012] multiqc                                            [DEBUG  ]  No samples found: snpeff
[2020-07-12 17:05:56,017] multiqc                                            [DEBUG  ]  No samples found: gatk
[2020-07-12 17:05:56,022] multiqc                                            [DEBUG  ]  No samples found: htseq
[2020-07-12 17:05:56,026] multiqc                                            [DEBUG  ]  No samples found: bcftools
[2020-07-12 17:05:56,037] multiqc.modules.featureCounts.feature_counts       [INFO   ]  Found 13 reports
[2020-07-12 17:05:56,042] multiqc                                            [DEBUG  ]  No samples found: dedup
[2020-07-12 17:05:56,046] multiqc                                            [DEBUG  ]  No samples found: damageprofiler
[2020-07-12 17:05:56,050] multiqc                                            [DEBUG  ]  No samples found: prokka
[2020-07-12 17:05:56,055] multiqc                                            [DEBUG  ]  No samples found: samblaster
[2020-07-12 17:05:56,060] multiqc                                            [DEBUG  ]  No samples found: samtools
[2020-07-12 17:05:56,063] multiqc                                            [DEBUG  ]  No samples found: bamtools
[2020-07-12 17:05:56,066] multiqc                                            [DEBUG  ]  No samples found: jellyfish
[2020-07-12 17:05:56,071] multiqc                                            [DEBUG  ]  No samples found: vcftools
[2020-07-12 17:05:56,075] multiqc                                            [DEBUG  ]  No samples found: longranger
[2020-07-12 17:05:56,078] multiqc                                            [DEBUG  ]  No samples found: stacks
[2020-07-12 17:05:56,085] multiqc                                            [DEBUG  ]  No samples found: bbmap
[2020-07-12 17:05:56,089] multiqc                                            [DEBUG  ]  No samples found: bismark
[2020-07-12 17:05:56,092] multiqc                                            [DEBUG  ]  No samples found: biscuit
[2020-07-12 17:05:56,096] multiqc                                            [DEBUG  ]  No samples found: hicexplorer
[2020-07-12 17:05:56,099] multiqc                                            [DEBUG  ]  No samples found: hicup
[2020-07-12 17:05:56,102] multiqc                                            [DEBUG  ]  No samples found: hicpro
[2020-07-12 17:05:56,106] multiqc                                            [DEBUG  ]  No samples found: salmon
[2020-07-12 17:05:56,109] multiqc                                            [DEBUG  ]  No samples found: kallisto
[2020-07-12 17:05:56,113] multiqc                                            [DEBUG  ]  No samples found: slamdunk
[2020-07-12 17:05:56,116] multiqc                                            [DEBUG  ]  No samples found: star
[2020-07-12 17:05:56,119] multiqc                                            [DEBUG  ]  No samples found: hisat2
[2020-07-12 17:05:56,123] multiqc                                            [DEBUG  ]  No samples found: tophat
[2020-07-12 17:05:56,126] multiqc                                            [DEBUG  ]  No samples found: bowtie1
[2020-07-12 17:05:56,129] multiqc                                            [DEBUG  ]  No samples found: kat
[2020-07-12 17:05:56,133] multiqc                                            [DEBUG  ]  No samples found: leehom
[2020-07-12 17:05:56,136] multiqc                                            [DEBUG  ]  No samples found: adapterRemoval
[2020-07-12 17:05:56,139] multiqc                                            [DEBUG  ]  No samples found: clipandmerge
[2020-07-12 17:05:56,143] multiqc                                            [DEBUG  ]  No samples found: cutadapt
[2020-07-12 17:05:56,146] multiqc                                            [DEBUG  ]  No samples found: flexbar
[2020-07-12 17:05:56,149] multiqc                                            [DEBUG  ]  No samples found: trimmomatic
[2020-07-12 17:05:56,153] multiqc                                            [DEBUG  ]  No samples found: skewer
[2020-07-12 17:05:56,156] multiqc                                            [DEBUG  ]  No samples found: sortmerna
[2020-07-12 17:05:56,159] multiqc                                            [DEBUG  ]  No samples found: biobloomtools
[2020-07-12 17:05:56,163] multiqc                                            [DEBUG  ]  No samples found: afterqc
[2020-07-12 17:05:56,166] multiqc                                            [DEBUG  ]  No samples found: fastqc
[2020-07-12 17:05:56,169] multiqc                                            [DEBUG  ]  No samples found: minionqc
[2020-07-12 17:05:56,173] multiqc                                            [DEBUG  ]  No samples found: clusterflow
[2020-07-12 17:05:56,176] multiqc                                            [DEBUG  ]  No samples found: bcl2fastq
[2020-07-12 17:05:56,180] multiqc                                            [DEBUG  ]  No samples found: interop
[2020-07-12 17:05:56,183] multiqc                                            [DEBUG  ]  No samples found: flash
[2020-07-12 17:05:56,278] multiqc                                            [INFO   ]  Compressing plot data
[2020-07-12 17:05:58,298] multiqc                                            [INFO   ]  Report      : UTR_mqc/report3.html
[2020-07-12 17:05:58,298] multiqc                                            [INFO   ]  Data        : UTR_mqc/report_data3
[2020-07-12 17:05:58,299] multiqc                                            [DEBUG  ]  Moving data file from '/tmp/993.1.all.q/tmph3ufu0ki/multiqc_data/multiqc_fastp.txt' to '/cluster/majf_lab/mtinti/UTR/UTR_mqc/report_data3'
[2020-07-12 17:05:58,299] multiqc                                            [DEBUG  ]  Moving data file from '/tmp/993.1.all.q/tmph3ufu0ki/multiqc_data/multiqc_bowtie2.txt' to '/cluster/majf_lab/mtinti/UTR/UTR_mqc/report_data3'
[2020-07-12 17:05:58,300] multiqc                                            [DEBUG  ]  Moving data file from '/tmp/993.1.all.q/tmph3ufu0ki/multiqc_data/multiqc_picard_dups.txt' to '/cluster/majf_lab/mtinti/UTR/UTR_mqc/report_data3'
[2020-07-12 17:05:58,301] multiqc                                            [DEBUG  ]  Moving data file from '/tmp/993.1.all.q/tmph3ufu0ki/multiqc_data/multiqc_fastq_screen.txt' to '/cluster/majf_lab/mtinti/UTR/UTR_mqc/report_data3'
[2020-07-12 17:05:58,301] multiqc                                            [DEBUG  ]  Moving data file from '/tmp/993.1.all.q/tmph3ufu0ki/multiqc_data/multiqc_featureCounts.txt' to '/cluster/majf_lab/mtinti/UTR/UTR_mqc/report_data3'
[2020-07-12 17:05:58,302] multiqc                                            [DEBUG  ]  Moving data file from '/tmp/993.1.all.q/tmph3ufu0ki/multiqc_data/multiqc_general_stats.txt' to '/cluster/majf_lab/mtinti/UTR/UTR_mqc/report_data3'
[2020-07-12 17:05:58,303] multiqc                                            [DEBUG  ]  Moving data file from '/tmp/993.1.all.q/tmph3ufu0ki/multiqc_data/multiqc_sources.txt' to '/cluster/majf_lab/mtinti/UTR/UTR_mqc/report_data3'
[2020-07-12 17:05:58,303] multiqc                                            [DEBUG  ]  Moving data file from '/tmp/993.1.all.q/tmph3ufu0ki/multiqc_data/multiqc_data.json' to '/cluster/majf_lab/mtinti/UTR/UTR_mqc/report_data3'
[2020-07-12 17:05:58,573] multiqc                                            [INFO   ]  MultiQC complete
